Vivado Simulator 2016.4
Copyright 1986-1999, 2001-2016 Xilinx, Inc. All Rights Reserved.
Running: /usr/Xilinx/Vivado/2016.4/bin/unwrapped/lnx64.o/xelab -wto 944380bbb0d0493e83ec2f6b5b7eb474 --debug typical --relax --mt 8 -L xil_defaultlib -L secureip --snapshot Task4_tb_func_synth xil_defaultlib.Task4_tb -log elaborate.log 
Using 8 slave threads.
Starting static elaboration
Completed static elaboration
Starting simulation data flow analysis
Completed simulation data flow analysis
Time Resolution for simulation is 1ps
Compiling package std.standard
Compiling package std.textio
Compiling package ieee.std_logic_1164
Compiling package unisim.vcomponents
Compiling package ieee.vital_timing
Compiling package ieee.vital_primitives
Compiling package unisim.vpkg
Compiling package ieee.numeric_std
Compiling package ieee.std_logic_arith
Compiling package ieee.std_logic_signed
Compiling architecture lut2_v of entity unisim.LUT2 [\LUT2(init="1000")(0,3)\]
Compiling architecture lut4_v of entity unisim.LUT4 [\LUT4(init="1111111101011100")(0...]
Compiling architecture lut4_v of entity unisim.LUT4 [\LUT4(init="0111010011001100")(0...]
Compiling architecture fdre_v of entity unisim.FDRE [fdre_default]
Compiling architecture lut3_v of entity unisim.LUT3 [\LUT3(init="10001111")(0,7)\]
Compiling architecture lut2_v of entity unisim.LUT2 [\LUT2(init="0010")(0,3)\]
Compiling architecture lut3_v of entity unisim.LUT3 [\LUT3(init="01011101")(0,7)\]
Compiling architecture structure of entity xil_defaultlib.abs_sqr_control_unit_m_2 [abs_sqr_control_unit_m_2_default]
Compiling architecture fdce_v of entity unisim.FDCE [fdce_default]
Compiling architecture structure of entity xil_defaultlib.register_m_4 [register_m_4_default]
Compiling architecture structure of entity xil_defaultlib.register_m_5 [register_m_5_default]
Compiling architecture dsp48e1_v of entity unisim.DSP48E1 [\DSP48E1(acascreg=0,alumodereg=0...]
Compiling architecture carry4_v of entity unisim.CARRY4 [carry4_default]
Compiling architecture lut2_v of entity unisim.LUT2 [\LUT2(init="0110")(0,3)\]
Compiling architecture lut1_v of entity unisim.LUT1 [\LUT1(init="0010")(0,3)\]
Compiling architecture structure of entity xil_defaultlib.mod_quad_oper_6 [mod_quad_oper_6_default]
Compiling architecture structure of entity xil_defaultlib.abs_sqr_operative_part_m_3 [abs_sqr_operative_part_m_3_defau...]
Compiling architecture structure of entity xil_defaultlib.AXI4_Stream_Absolute_Square_m [axi4_stream_absolute_square_m_de...]
Compiling architecture lut1_v of entity unisim.LUT1 [\LUT1(init="0001")(0,3)\]
Compiling architecture structure of entity xil_defaultlib.abs_sqr_control_unit_m [abs_sqr_control_unit_m_default]
Compiling architecture structure of entity xil_defaultlib.register_m [register_m_default]
Compiling architecture structure of entity xil_defaultlib.register_m_1 [register_m_1_default]
Compiling architecture structure of entity xil_defaultlib.mod_quad_oper [mod_quad_oper_default]
Compiling architecture structure of entity xil_defaultlib.abs_sqr_operative_part_m [abs_sqr_operative_part_m_default]
Compiling architecture structure of entity xil_defaultlib.AXI4_Stream_Absolute_Square_m_0 [axi4_stream_absolute_square_m_0_...]
Compiling architecture gnd_v of entity unisim.GND [gnd_default]
Compiling architecture structure of entity xil_defaultlib.AXI4_Stream_Divider_m_xbip_pipe_v3_0_3_viv [axi4_stream_divider_m_xbip_pipe_...]
Compiling architecture lut6_v of entity unisim.LUT6 [\LUT6(init="00000000110101010000...]
Compiling architecture fdre_v of entity unisim.FDRE [\FDRE(init='1')\]
Compiling architecture lut6_v of entity unisim.LUT6 [\LUT6(init="00001000100010001000...]
Compiling architecture lut5_v of entity unisim.LUT5 [\LUT5(init="00001111111111110000...]
Compiling architecture lut3_v of entity unisim.LUT3 [\LUT3(init="10101100")(0,7)\]
Compiling architecture lut4_v of entity unisim.LUT4 [\LUT4(init="1101010101010101")(0...]
Compiling architecture lut6_v of entity unisim.LUT6 [\LUT6(init="11111111111110001111...]
Compiling architecture lut3_v of entity unisim.LUT3 [\LUT3(init="01111111")(0,7)\]
Compiling architecture structure of entity xil_defaultlib.AXI4_Stream_Divider_m_axi_slave_2to1 [axi4_stream_divider_m_axi_slave_...]
Compiling architecture srl16e_v of entity unisim.SRL16E [\SRL16E(0,15)\]
Compiling architecture srlc32e_v of entity unisim.SRLC32E [\SRLC32E(0,31)\]
Compiling architecture structure of entity xil_defaultlib.\AXI4_Stream_Divider_m_xbip_pipe_v3_0_3_viv__parameterized1\ [\AXI4_Stream_Divider_m_xbip_pipe...]
Compiling architecture structure of entity xil_defaultlib.\AXI4_Stream_Divider_m_xbip_pipe_v3_0_3_viv__parameterized29_69\ [\AXI4_Stream_Divider_m_xbip_pipe...]
Compiling architecture structure of entity xil_defaultlib.\AXI4_Stream_Divider_m_xbip_pipe_v3_0_3_viv__parameterized33_70\ [\AXI4_Stream_Divider_m_xbip_pipe...]
Compiling architecture structure of entity xil_defaultlib.\AXI4_Stream_Divider_m_xbip_pipe_v3_0_3_viv__parameterized31_71\ [\AXI4_Stream_Divider_m_xbip_pipe...]
Compiling architecture structure of entity xil_defaultlib.AXI4_Stream_Divider_m_c_addsub_lut6_68 [axi4_stream_divider_m_c_addsub_l...]
Compiling architecture structure of entity xil_defaultlib.AXI4_Stream_Divider_m_c_addsub_viv_67 [axi4_stream_divider_m_c_addsub_v...]
Compiling architecture structure of entity xil_defaultlib.AXI4_Stream_Divider_m_addsubreg_v [axi4_stream_divider_m_addsubreg_...]
Compiling architecture fdse_v of entity unisim.FDSE [fdse_default]
Compiling architecture structure of entity xil_defaultlib.\AXI4_Stream_Divider_m_xbip_pipe_v3_0_3_viv__parameterized25\ [\AXI4_Stream_Divider_m_xbip_pipe...]
Compiling architecture lut3_v of entity unisim.LUT3 [\LUT3(init="01101001")(0,7)\]
Compiling architecture lut2_v of entity unisim.LUT2 [\LUT2(init="1001")(0,3)\]
Compiling architecture structure of entity xil_defaultlib.\AXI4_Stream_Divider_m_xbip_pipe_v3_0_3_viv__parameterized27\ [\AXI4_Stream_Divider_m_xbip_pipe...]
Compiling architecture lut6_v of entity unisim.LUT6 [\LUT6(init="11111111111100000000...]
Compiling architecture lut6_v of entity unisim.LUT6 [\LUT6(init="10101111101000001100...]
Compiling architecture muxf7_v of entity unisim.MUXF7 [muxf7_default]
Compiling architecture structure of entity xil_defaultlib.\AXI4_Stream_Divider_m_xbip_pipe_v3_0_3_viv__parameterized23\ [\AXI4_Stream_Divider_m_xbip_pipe...]
Compiling architecture lut3_v of entity unisim.LUT3 [\LUT3(init="10000000")(0,7)\]
Compiling architecture structure of entity xil_defaultlib.\AXI4_Stream_Divider_m_xbip_pipe_v3_0_3_viv__parameterized5\ [\AXI4_Stream_Divider_m_xbip_pipe...]
Compiling architecture lut4_v of entity unisim.LUT4 [\LUT4(init="0000100001111111")(0...]
Compiling architecture lut4_v of entity unisim.LUT4 [\LUT4(init="1111011110000000")(0...]
Compiling architecture lut3_v of entity unisim.LUT3 [\LUT3(init="01110000")(0,7)\]
Compiling architecture structure of entity xil_defaultlib.\AXI4_Stream_Divider_m_xbip_pipe_v3_0_3_viv__parameterized7\ [\AXI4_Stream_Divider_m_xbip_pipe...]
Compiling architecture structure of entity xil_defaultlib.\AXI4_Stream_Divider_m_xbip_pipe_v3_0_3_viv__parameterized9\ [\AXI4_Stream_Divider_m_xbip_pipe...]
Compiling architecture structure of entity xil_defaultlib.\AXI4_Stream_Divider_m_xbip_pipe_v3_0_3_viv__parameterized11\ [\AXI4_Stream_Divider_m_xbip_pipe...]
Compiling architecture structure of entity xil_defaultlib.\AXI4_Stream_Divider_m_xbip_pipe_v3_0_3_viv__parameterized13\ [\AXI4_Stream_Divider_m_xbip_pipe...]
Compiling architecture structure of entity xil_defaultlib.\AXI4_Stream_Divider_m_xbip_pipe_v3_0_3_viv__parameterized15\ [\AXI4_Stream_Divider_m_xbip_pipe...]
Compiling architecture structure of entity xil_defaultlib.\AXI4_Stream_Divider_m_xbip_pipe_v3_0_3_viv__parameterized17\ [\AXI4_Stream_Divider_m_xbip_pipe...]
Compiling architecture structure of entity xil_defaultlib.\AXI4_Stream_Divider_m_xbip_pipe_v3_0_3_viv__parameterized19\ [\AXI4_Stream_Divider_m_xbip_pipe...]
Compiling architecture structure of entity xil_defaultlib.\AXI4_Stream_Divider_m_xbip_pipe_v3_0_3_viv__parameterized3\ [\AXI4_Stream_Divider_m_xbip_pipe...]
Compiling architecture lut3_v of entity unisim.LUT3 [\LUT3(init="01111000")(0,7)\]
Compiling architecture structure of entity xil_defaultlib.\AXI4_Stream_Divider_m_xbip_pipe_v3_0_3_viv__parameterized21\ [\AXI4_Stream_Divider_m_xbip_pipe...]
Compiling architecture structure of entity xil_defaultlib.\AXI4_Stream_Divider_m_xbip_pipe_v3_0_3_viv__parameterized295\ [\AXI4_Stream_Divider_m_xbip_pipe...]
Compiling architecture structure of entity xil_defaultlib.\AXI4_Stream_Divider_m_xbip_pipe_v3_0_3_viv__parameterized297\ [\AXI4_Stream_Divider_m_xbip_pipe...]
Compiling architecture structure of entity xil_defaultlib.\AXI4_Stream_Divider_m_xbip_pipe_v3_0_3_viv__parameterized299\ [\AXI4_Stream_Divider_m_xbip_pipe...]
Compiling architecture structure of entity xil_defaultlib.\AXI4_Stream_Divider_m_xbip_pipe_v3_0_3_viv__parameterized301\ [\AXI4_Stream_Divider_m_xbip_pipe...]
Compiling architecture structure of entity xil_defaultlib.\AXI4_Stream_Divider_m_xbip_pipe_v3_0_3_viv__parameterized59\ [\AXI4_Stream_Divider_m_xbip_pipe...]
Compiling architecture structure of entity xil_defaultlib.\AXI4_Stream_Divider_m_xbip_pipe_v3_0_3_viv__parameterized61\ [\AXI4_Stream_Divider_m_xbip_pipe...]
Compiling architecture structure of entity xil_defaultlib.\AXI4_Stream_Divider_m_xbip_pipe_v3_0_3_viv__parameterized63\ [\AXI4_Stream_Divider_m_xbip_pipe...]
Compiling architecture structure of entity xil_defaultlib.\AXI4_Stream_Divider_m_xbip_pipe_v3_0_3_viv__parameterized65\ [\AXI4_Stream_Divider_m_xbip_pipe...]
Compiling architecture structure of entity xil_defaultlib.\AXI4_Stream_Divider_m_xbip_pipe_v3_0_3_viv__parameterized67\ [\AXI4_Stream_Divider_m_xbip_pipe...]
Compiling architecture structure of entity xil_defaultlib.\AXI4_Stream_Divider_m_xbip_pipe_v3_0_3_viv__parameterized69\ [\AXI4_Stream_Divider_m_xbip_pipe...]
Compiling architecture structure of entity xil_defaultlib.\AXI4_Stream_Divider_m_xbip_pipe_v3_0_3_viv__parameterized29_64\ [\AXI4_Stream_Divider_m_xbip_pipe...]
Compiling architecture structure of entity xil_defaultlib.\AXI4_Stream_Divider_m_xbip_pipe_v3_0_3_viv__parameterized33_65\ [\AXI4_Stream_Divider_m_xbip_pipe...]
Compiling architecture structure of entity xil_defaultlib.\AXI4_Stream_Divider_m_xbip_pipe_v3_0_3_viv__parameterized31_66\ [\AXI4_Stream_Divider_m_xbip_pipe...]
Compiling architecture structure of entity xil_defaultlib.AXI4_Stream_Divider_m_c_addsub_lut6_63 [axi4_stream_divider_m_c_addsub_l...]
Compiling architecture structure of entity xil_defaultlib.AXI4_Stream_Divider_m_c_addsub_viv_62 [axi4_stream_divider_m_c_addsub_v...]
Compiling architecture structure of entity xil_defaultlib.AXI4_Stream_Divider_m_addsubreg_v_0 [axi4_stream_divider_m_addsubreg_...]
Compiling architecture structure of entity xil_defaultlib.\AXI4_Stream_Divider_m_xbip_pipe_v3_0_3_viv__parameterized73\ [\AXI4_Stream_Divider_m_xbip_pipe...]
Compiling architecture structure of entity xil_defaultlib.\AXI4_Stream_Divider_m_xbip_pipe_v3_0_3_viv__parameterized75\ [\AXI4_Stream_Divider_m_xbip_pipe...]
Compiling architecture lut6_v of entity unisim.LUT6 [\LUT6(init="11001100101010101100...]
Compiling architecture structure of entity xil_defaultlib.\AXI4_Stream_Divider_m_xbip_pipe_v3_0_3_viv__parameterized71\ [\AXI4_Stream_Divider_m_xbip_pipe...]
Compiling architecture structure of entity xil_defaultlib.\AXI4_Stream_Divider_m_xbip_pipe_v3_0_3_viv__parameterized77\ [\AXI4_Stream_Divider_m_xbip_pipe...]
Compiling architecture structure of entity xil_defaultlib.\AXI4_Stream_Divider_m_xbip_pipe_v3_0_3_viv__parameterized79\ [\AXI4_Stream_Divider_m_xbip_pipe...]
Compiling architecture structure of entity xil_defaultlib.\AXI4_Stream_Divider_m_xbip_pipe_v3_0_3_viv__parameterized81\ [\AXI4_Stream_Divider_m_xbip_pipe...]
Compiling architecture structure of entity xil_defaultlib.\AXI4_Stream_Divider_m_xbip_pipe_v3_0_3_viv__parameterized83\ [\AXI4_Stream_Divider_m_xbip_pipe...]
Compiling architecture structure of entity xil_defaultlib.\AXI4_Stream_Divider_m_xbip_pipe_v3_0_3_viv__parameterized35\ [\AXI4_Stream_Divider_m_xbip_pipe...]
Compiling architecture structure of entity xil_defaultlib.\AXI4_Stream_Divider_m_xbip_pipe_v3_0_3_viv__parameterized85\ [\AXI4_Stream_Divider_m_xbip_pipe...]
Compiling architecture structure of entity xil_defaultlib.\AXI4_Stream_Divider_m_xbip_pipe_v3_0_3_viv__parameterized87\ [\AXI4_Stream_Divider_m_xbip_pipe...]
Compiling architecture structure of entity xil_defaultlib.\AXI4_Stream_Divider_m_xbip_pipe_v3_0_3_viv__parameterized89\ [\AXI4_Stream_Divider_m_xbip_pipe...]
Compiling architecture structure of entity xil_defaultlib.\AXI4_Stream_Divider_m_xbip_pipe_v3_0_3_viv__parameterized91\ [\AXI4_Stream_Divider_m_xbip_pipe...]
Compiling architecture structure of entity xil_defaultlib.\AXI4_Stream_Divider_m_xbip_pipe_v3_0_3_viv__parameterized29_59\ [\AXI4_Stream_Divider_m_xbip_pipe...]
Compiling architecture structure of entity xil_defaultlib.\AXI4_Stream_Divider_m_xbip_pipe_v3_0_3_viv__parameterized33_60\ [\AXI4_Stream_Divider_m_xbip_pipe...]
Compiling architecture structure of entity xil_defaultlib.\AXI4_Stream_Divider_m_xbip_pipe_v3_0_3_viv__parameterized31_61\ [\AXI4_Stream_Divider_m_xbip_pipe...]
Compiling architecture structure of entity xil_defaultlib.AXI4_Stream_Divider_m_c_addsub_lut6_58 [axi4_stream_divider_m_c_addsub_l...]
Compiling architecture structure of entity xil_defaultlib.AXI4_Stream_Divider_m_c_addsub_viv_57 [axi4_stream_divider_m_c_addsub_v...]
Compiling architecture structure of entity xil_defaultlib.AXI4_Stream_Divider_m_addsubreg_v_1 [axi4_stream_divider_m_addsubreg_...]
Compiling architecture structure of entity xil_defaultlib.\AXI4_Stream_Divider_m_xbip_pipe_v3_0_3_viv__parameterized95\ [\AXI4_Stream_Divider_m_xbip_pipe...]
Compiling architecture structure of entity xil_defaultlib.\AXI4_Stream_Divider_m_xbip_pipe_v3_0_3_viv__parameterized97\ [\AXI4_Stream_Divider_m_xbip_pipe...]
Compiling architecture structure of entity xil_defaultlib.\AXI4_Stream_Divider_m_xbip_pipe_v3_0_3_viv__parameterized93\ [\AXI4_Stream_Divider_m_xbip_pipe...]
Compiling architecture structure of entity xil_defaultlib.\AXI4_Stream_Divider_m_xbip_pipe_v3_0_3_viv__parameterized99\ [\AXI4_Stream_Divider_m_xbip_pipe...]
Compiling architecture structure of entity xil_defaultlib.\AXI4_Stream_Divider_m_xbip_pipe_v3_0_3_viv__parameterized101\ [\AXI4_Stream_Divider_m_xbip_pipe...]
Compiling architecture structure of entity xil_defaultlib.\AXI4_Stream_Divider_m_xbip_pipe_v3_0_3_viv__parameterized103\ [\AXI4_Stream_Divider_m_xbip_pipe...]
Compiling architecture structure of entity xil_defaultlib.\AXI4_Stream_Divider_m_xbip_pipe_v3_0_3_viv__parameterized105\ [\AXI4_Stream_Divider_m_xbip_pipe...]
Compiling architecture structure of entity xil_defaultlib.\AXI4_Stream_Divider_m_xbip_pipe_v3_0_3_viv__parameterized107\ [\AXI4_Stream_Divider_m_xbip_pipe...]
Compiling architecture structure of entity xil_defaultlib.\AXI4_Stream_Divider_m_xbip_pipe_v3_0_3_viv__parameterized109\ [\AXI4_Stream_Divider_m_xbip_pipe...]
Compiling architecture structure of entity xil_defaultlib.\AXI4_Stream_Divider_m_xbip_pipe_v3_0_3_viv__parameterized37\ [\AXI4_Stream_Divider_m_xbip_pipe...]
Compiling architecture structure of entity xil_defaultlib.\AXI4_Stream_Divider_m_xbip_pipe_v3_0_3_viv__parameterized111\ [\AXI4_Stream_Divider_m_xbip_pipe...]
Compiling architecture structure of entity xil_defaultlib.\AXI4_Stream_Divider_m_xbip_pipe_v3_0_3_viv__parameterized113\ [\AXI4_Stream_Divider_m_xbip_pipe...]
Compiling architecture structure of entity xil_defaultlib.\AXI4_Stream_Divider_m_xbip_pipe_v3_0_3_viv__parameterized29_54\ [\AXI4_Stream_Divider_m_xbip_pipe...]
Compiling architecture structure of entity xil_defaultlib.\AXI4_Stream_Divider_m_xbip_pipe_v3_0_3_viv__parameterized33_55\ [\AXI4_Stream_Divider_m_xbip_pipe...]
Compiling architecture structure of entity xil_defaultlib.\AXI4_Stream_Divider_m_xbip_pipe_v3_0_3_viv__parameterized31_56\ [\AXI4_Stream_Divider_m_xbip_pipe...]
Compiling architecture structure of entity xil_defaultlib.AXI4_Stream_Divider_m_c_addsub_lut6_53 [axi4_stream_divider_m_c_addsub_l...]
Compiling architecture structure of entity xil_defaultlib.AXI4_Stream_Divider_m_c_addsub_viv_52 [axi4_stream_divider_m_c_addsub_v...]
Compiling architecture structure of entity xil_defaultlib.AXI4_Stream_Divider_m_addsubreg_v_2 [axi4_stream_divider_m_addsubreg_...]
Compiling architecture structure of entity xil_defaultlib.\AXI4_Stream_Divider_m_xbip_pipe_v3_0_3_viv__parameterized117\ [\AXI4_Stream_Divider_m_xbip_pipe...]
Compiling architecture structure of entity xil_defaultlib.\AXI4_Stream_Divider_m_xbip_pipe_v3_0_3_viv__parameterized119\ [\AXI4_Stream_Divider_m_xbip_pipe...]
Compiling architecture lut6_v of entity unisim.LUT6 [\LUT6(init="10101010111111111010...]
Compiling architecture structure of entity xil_defaultlib.\AXI4_Stream_Divider_m_xbip_pipe_v3_0_3_viv__parameterized115\ [\AXI4_Stream_Divider_m_xbip_pipe...]
Compiling architecture structure of entity xil_defaultlib.\AXI4_Stream_Divider_m_xbip_pipe_v3_0_3_viv__parameterized121\ [\AXI4_Stream_Divider_m_xbip_pipe...]
Compiling architecture structure of entity xil_defaultlib.\AXI4_Stream_Divider_m_xbip_pipe_v3_0_3_viv__parameterized123\ [\AXI4_Stream_Divider_m_xbip_pipe...]
Compiling architecture structure of entity xil_defaultlib.\AXI4_Stream_Divider_m_xbip_pipe_v3_0_3_viv__parameterized125\ [\AXI4_Stream_Divider_m_xbip_pipe...]
Compiling architecture structure of entity xil_defaultlib.\AXI4_Stream_Divider_m_xbip_pipe_v3_0_3_viv__parameterized127\ [\AXI4_Stream_Divider_m_xbip_pipe...]
Compiling architecture structure of entity xil_defaultlib.\AXI4_Stream_Divider_m_xbip_pipe_v3_0_3_viv__parameterized129\ [\AXI4_Stream_Divider_m_xbip_pipe...]
Compiling architecture structure of entity xil_defaultlib.\AXI4_Stream_Divider_m_xbip_pipe_v3_0_3_viv__parameterized131\ [\AXI4_Stream_Divider_m_xbip_pipe...]
Compiling architecture structure of entity xil_defaultlib.\AXI4_Stream_Divider_m_xbip_pipe_v3_0_3_viv__parameterized133\ [\AXI4_Stream_Divider_m_xbip_pipe...]
Compiling architecture structure of entity xil_defaultlib.\AXI4_Stream_Divider_m_xbip_pipe_v3_0_3_viv__parameterized135\ [\AXI4_Stream_Divider_m_xbip_pipe...]
Compiling architecture structure of entity xil_defaultlib.\AXI4_Stream_Divider_m_xbip_pipe_v3_0_3_viv__parameterized39\ [\AXI4_Stream_Divider_m_xbip_pipe...]
Compiling architecture structure of entity xil_defaultlib.\AXI4_Stream_Divider_m_xbip_pipe_v3_0_3_viv__parameterized29_49\ [\AXI4_Stream_Divider_m_xbip_pipe...]
Compiling architecture structure of entity xil_defaultlib.\AXI4_Stream_Divider_m_xbip_pipe_v3_0_3_viv__parameterized33_50\ [\AXI4_Stream_Divider_m_xbip_pipe...]
Compiling architecture structure of entity xil_defaultlib.\AXI4_Stream_Divider_m_xbip_pipe_v3_0_3_viv__parameterized31_51\ [\AXI4_Stream_Divider_m_xbip_pipe...]
Compiling architecture structure of entity xil_defaultlib.AXI4_Stream_Divider_m_c_addsub_lut6_48 [axi4_stream_divider_m_c_addsub_l...]
Compiling architecture structure of entity xil_defaultlib.AXI4_Stream_Divider_m_c_addsub_viv_47 [axi4_stream_divider_m_c_addsub_v...]
Compiling architecture structure of entity xil_defaultlib.AXI4_Stream_Divider_m_addsubreg_v_3 [axi4_stream_divider_m_addsubreg_...]
Compiling architecture structure of entity xil_defaultlib.\AXI4_Stream_Divider_m_xbip_pipe_v3_0_3_viv__parameterized139\ [\AXI4_Stream_Divider_m_xbip_pipe...]
Compiling architecture structure of entity xil_defaultlib.\AXI4_Stream_Divider_m_xbip_pipe_v3_0_3_viv__parameterized141\ [\AXI4_Stream_Divider_m_xbip_pipe...]
Compiling architecture structure of entity xil_defaultlib.\AXI4_Stream_Divider_m_xbip_pipe_v3_0_3_viv__parameterized137\ [\AXI4_Stream_Divider_m_xbip_pipe...]
Compiling architecture structure of entity xil_defaultlib.\AXI4_Stream_Divider_m_xbip_pipe_v3_0_3_viv__parameterized143\ [\AXI4_Stream_Divider_m_xbip_pipe...]
Compiling architecture structure of entity xil_defaultlib.\AXI4_Stream_Divider_m_xbip_pipe_v3_0_3_viv__parameterized145\ [\AXI4_Stream_Divider_m_xbip_pipe...]
Compiling architecture structure of entity xil_defaultlib.\AXI4_Stream_Divider_m_xbip_pipe_v3_0_3_viv__parameterized147\ [\AXI4_Stream_Divider_m_xbip_pipe...]
Compiling architecture structure of entity xil_defaultlib.\AXI4_Stream_Divider_m_xbip_pipe_v3_0_3_viv__parameterized149\ [\AXI4_Stream_Divider_m_xbip_pipe...]
Compiling architecture structure of entity xil_defaultlib.\AXI4_Stream_Divider_m_xbip_pipe_v3_0_3_viv__parameterized151\ [\AXI4_Stream_Divider_m_xbip_pipe...]
Compiling architecture structure of entity xil_defaultlib.\AXI4_Stream_Divider_m_xbip_pipe_v3_0_3_viv__parameterized153\ [\AXI4_Stream_Divider_m_xbip_pipe...]
Compiling architecture structure of entity xil_defaultlib.\AXI4_Stream_Divider_m_xbip_pipe_v3_0_3_viv__parameterized155\ [\AXI4_Stream_Divider_m_xbip_pipe...]
Compiling architecture structure of entity xil_defaultlib.\AXI4_Stream_Divider_m_xbip_pipe_v3_0_3_viv__parameterized157\ [\AXI4_Stream_Divider_m_xbip_pipe...]
Compiling architecture structure of entity xil_defaultlib.\AXI4_Stream_Divider_m_xbip_pipe_v3_0_3_viv__parameterized29_44\ [\AXI4_Stream_Divider_m_xbip_pipe...]
Compiling architecture structure of entity xil_defaultlib.\AXI4_Stream_Divider_m_xbip_pipe_v3_0_3_viv__parameterized33_45\ [\AXI4_Stream_Divider_m_xbip_pipe...]
Compiling architecture structure of entity xil_defaultlib.\AXI4_Stream_Divider_m_xbip_pipe_v3_0_3_viv__parameterized31_46\ [\AXI4_Stream_Divider_m_xbip_pipe...]
Compiling architecture structure of entity xil_defaultlib.AXI4_Stream_Divider_m_c_addsub_lut6_43 [axi4_stream_divider_m_c_addsub_l...]
Compiling architecture structure of entity xil_defaultlib.AXI4_Stream_Divider_m_c_addsub_viv_42 [axi4_stream_divider_m_c_addsub_v...]
Compiling architecture structure of entity xil_defaultlib.AXI4_Stream_Divider_m_addsubreg_v_4 [axi4_stream_divider_m_addsubreg_...]
Compiling architecture structure of entity xil_defaultlib.\AXI4_Stream_Divider_m_xbip_pipe_v3_0_3_viv__parameterized161\ [\AXI4_Stream_Divider_m_xbip_pipe...]
Compiling architecture structure of entity xil_defaultlib.\AXI4_Stream_Divider_m_xbip_pipe_v3_0_3_viv__parameterized163\ [\AXI4_Stream_Divider_m_xbip_pipe...]
Compiling architecture structure of entity xil_defaultlib.\AXI4_Stream_Divider_m_xbip_pipe_v3_0_3_viv__parameterized159\ [\AXI4_Stream_Divider_m_xbip_pipe...]
Compiling architecture structure of entity xil_defaultlib.\AXI4_Stream_Divider_m_xbip_pipe_v3_0_3_viv__parameterized165\ [\AXI4_Stream_Divider_m_xbip_pipe...]
Compiling architecture structure of entity xil_defaultlib.\AXI4_Stream_Divider_m_xbip_pipe_v3_0_3_viv__parameterized167\ [\AXI4_Stream_Divider_m_xbip_pipe...]
Compiling architecture structure of entity xil_defaultlib.\AXI4_Stream_Divider_m_xbip_pipe_v3_0_3_viv__parameterized41\ [\AXI4_Stream_Divider_m_xbip_pipe...]
Compiling architecture structure of entity xil_defaultlib.\AXI4_Stream_Divider_m_xbip_pipe_v3_0_3_viv__parameterized169\ [\AXI4_Stream_Divider_m_xbip_pipe...]
Compiling architecture structure of entity xil_defaultlib.\AXI4_Stream_Divider_m_xbip_pipe_v3_0_3_viv__parameterized171\ [\AXI4_Stream_Divider_m_xbip_pipe...]
Compiling architecture structure of entity xil_defaultlib.\AXI4_Stream_Divider_m_xbip_pipe_v3_0_3_viv__parameterized173\ [\AXI4_Stream_Divider_m_xbip_pipe...]
Compiling architecture structure of entity xil_defaultlib.\AXI4_Stream_Divider_m_xbip_pipe_v3_0_3_viv__parameterized175\ [\AXI4_Stream_Divider_m_xbip_pipe...]
Compiling architecture structure of entity xil_defaultlib.\AXI4_Stream_Divider_m_xbip_pipe_v3_0_3_viv__parameterized177\ [\AXI4_Stream_Divider_m_xbip_pipe...]
Compiling architecture structure of entity xil_defaultlib.\AXI4_Stream_Divider_m_xbip_pipe_v3_0_3_viv__parameterized179\ [\AXI4_Stream_Divider_m_xbip_pipe...]
Compiling architecture structure of entity xil_defaultlib.\AXI4_Stream_Divider_m_xbip_pipe_v3_0_3_viv__parameterized29_39\ [\AXI4_Stream_Divider_m_xbip_pipe...]
Compiling architecture structure of entity xil_defaultlib.\AXI4_Stream_Divider_m_xbip_pipe_v3_0_3_viv__parameterized33_40\ [\AXI4_Stream_Divider_m_xbip_pipe...]
Compiling architecture structure of entity xil_defaultlib.\AXI4_Stream_Divider_m_xbip_pipe_v3_0_3_viv__parameterized31_41\ [\AXI4_Stream_Divider_m_xbip_pipe...]
Compiling architecture structure of entity xil_defaultlib.AXI4_Stream_Divider_m_c_addsub_lut6_38 [axi4_stream_divider_m_c_addsub_l...]
Compiling architecture structure of entity xil_defaultlib.AXI4_Stream_Divider_m_c_addsub_viv_37 [axi4_stream_divider_m_c_addsub_v...]
Compiling architecture structure of entity xil_defaultlib.AXI4_Stream_Divider_m_addsubreg_v_5 [axi4_stream_divider_m_addsubreg_...]
Compiling architecture structure of entity xil_defaultlib.\AXI4_Stream_Divider_m_xbip_pipe_v3_0_3_viv__parameterized183\ [\AXI4_Stream_Divider_m_xbip_pipe...]
Compiling architecture structure of entity xil_defaultlib.\AXI4_Stream_Divider_m_xbip_pipe_v3_0_3_viv__parameterized185\ [\AXI4_Stream_Divider_m_xbip_pipe...]
Compiling architecture structure of entity xil_defaultlib.\AXI4_Stream_Divider_m_xbip_pipe_v3_0_3_viv__parameterized181\ [\AXI4_Stream_Divider_m_xbip_pipe...]
Compiling architecture structure of entity xil_defaultlib.\AXI4_Stream_Divider_m_xbip_pipe_v3_0_3_viv__parameterized187\ [\AXI4_Stream_Divider_m_xbip_pipe...]
Compiling architecture structure of entity xil_defaultlib.\AXI4_Stream_Divider_m_xbip_pipe_v3_0_3_viv__parameterized189\ [\AXI4_Stream_Divider_m_xbip_pipe...]
Compiling architecture structure of entity xil_defaultlib.\AXI4_Stream_Divider_m_xbip_pipe_v3_0_3_viv__parameterized191\ [\AXI4_Stream_Divider_m_xbip_pipe...]
Compiling architecture structure of entity xil_defaultlib.\AXI4_Stream_Divider_m_xbip_pipe_v3_0_3_viv__parameterized193\ [\AXI4_Stream_Divider_m_xbip_pipe...]
Compiling architecture structure of entity xil_defaultlib.\AXI4_Stream_Divider_m_xbip_pipe_v3_0_3_viv__parameterized43\ [\AXI4_Stream_Divider_m_xbip_pipe...]
Compiling architecture structure of entity xil_defaultlib.\AXI4_Stream_Divider_m_xbip_pipe_v3_0_3_viv__parameterized195\ [\AXI4_Stream_Divider_m_xbip_pipe...]
Compiling architecture structure of entity xil_defaultlib.\AXI4_Stream_Divider_m_xbip_pipe_v3_0_3_viv__parameterized197\ [\AXI4_Stream_Divider_m_xbip_pipe...]
Compiling architecture structure of entity xil_defaultlib.\AXI4_Stream_Divider_m_xbip_pipe_v3_0_3_viv__parameterized199\ [\AXI4_Stream_Divider_m_xbip_pipe...]
Compiling architecture structure of entity xil_defaultlib.\AXI4_Stream_Divider_m_xbip_pipe_v3_0_3_viv__parameterized201\ [\AXI4_Stream_Divider_m_xbip_pipe...]
Compiling architecture structure of entity xil_defaultlib.\AXI4_Stream_Divider_m_xbip_pipe_v3_0_3_viv__parameterized29_34\ [\AXI4_Stream_Divider_m_xbip_pipe...]
Compiling architecture structure of entity xil_defaultlib.\AXI4_Stream_Divider_m_xbip_pipe_v3_0_3_viv__parameterized33_35\ [\AXI4_Stream_Divider_m_xbip_pipe...]
Compiling architecture structure of entity xil_defaultlib.\AXI4_Stream_Divider_m_xbip_pipe_v3_0_3_viv__parameterized31_36\ [\AXI4_Stream_Divider_m_xbip_pipe...]
Compiling architecture structure of entity xil_defaultlib.AXI4_Stream_Divider_m_c_addsub_lut6_33 [axi4_stream_divider_m_c_addsub_l...]
Compiling architecture structure of entity xil_defaultlib.AXI4_Stream_Divider_m_c_addsub_viv_32 [axi4_stream_divider_m_c_addsub_v...]
Compiling architecture structure of entity xil_defaultlib.AXI4_Stream_Divider_m_addsubreg_v_6 [axi4_stream_divider_m_addsubreg_...]
Compiling architecture structure of entity xil_defaultlib.\AXI4_Stream_Divider_m_xbip_pipe_v3_0_3_viv__parameterized203\ [\AXI4_Stream_Divider_m_xbip_pipe...]
Compiling architecture structure of entity xil_defaultlib.\AXI4_Stream_Divider_m_xbip_pipe_v3_0_3_viv__parameterized205\ [\AXI4_Stream_Divider_m_xbip_pipe...]
Compiling architecture structure of entity xil_defaultlib.\AXI4_Stream_Divider_m_xbip_pipe_v3_0_3_viv__parameterized207\ [\AXI4_Stream_Divider_m_xbip_pipe...]
Compiling architecture structure of entity xil_defaultlib.\AXI4_Stream_Divider_m_xbip_pipe_v3_0_3_viv__parameterized209\ [\AXI4_Stream_Divider_m_xbip_pipe...]
Compiling architecture structure of entity xil_defaultlib.\AXI4_Stream_Divider_m_xbip_pipe_v3_0_3_viv__parameterized211\ [\AXI4_Stream_Divider_m_xbip_pipe...]
Compiling architecture structure of entity xil_defaultlib.\AXI4_Stream_Divider_m_xbip_pipe_v3_0_3_viv__parameterized213\ [\AXI4_Stream_Divider_m_xbip_pipe...]
Compiling architecture structure of entity xil_defaultlib.\AXI4_Stream_Divider_m_xbip_pipe_v3_0_3_viv__parameterized215\ [\AXI4_Stream_Divider_m_xbip_pipe...]
Compiling architecture structure of entity xil_defaultlib.\AXI4_Stream_Divider_m_xbip_pipe_v3_0_3_viv__parameterized217\ [\AXI4_Stream_Divider_m_xbip_pipe...]
Compiling architecture structure of entity xil_defaultlib.\AXI4_Stream_Divider_m_xbip_pipe_v3_0_3_viv__parameterized45\ [\AXI4_Stream_Divider_m_xbip_pipe...]
Compiling architecture structure of entity xil_defaultlib.\AXI4_Stream_Divider_m_xbip_pipe_v3_0_3_viv__parameterized219\ [\AXI4_Stream_Divider_m_xbip_pipe...]
Compiling architecture structure of entity xil_defaultlib.\AXI4_Stream_Divider_m_xbip_pipe_v3_0_3_viv__parameterized221\ [\AXI4_Stream_Divider_m_xbip_pipe...]
Compiling architecture structure of entity xil_defaultlib.\AXI4_Stream_Divider_m_xbip_pipe_v3_0_3_viv__parameterized29_29\ [\AXI4_Stream_Divider_m_xbip_pipe...]
Compiling architecture structure of entity xil_defaultlib.\AXI4_Stream_Divider_m_xbip_pipe_v3_0_3_viv__parameterized33_30\ [\AXI4_Stream_Divider_m_xbip_pipe...]
Compiling architecture structure of entity xil_defaultlib.\AXI4_Stream_Divider_m_xbip_pipe_v3_0_3_viv__parameterized31_31\ [\AXI4_Stream_Divider_m_xbip_pipe...]
Compiling architecture structure of entity xil_defaultlib.AXI4_Stream_Divider_m_c_addsub_lut6_28 [axi4_stream_divider_m_c_addsub_l...]
Compiling architecture structure of entity xil_defaultlib.AXI4_Stream_Divider_m_c_addsub_viv_27 [axi4_stream_divider_m_c_addsub_v...]
Compiling architecture structure of entity xil_defaultlib.AXI4_Stream_Divider_m_addsubreg_v_7 [axi4_stream_divider_m_addsubreg_...]
Compiling architecture structure of entity xil_defaultlib.\AXI4_Stream_Divider_m_xbip_pipe_v3_0_3_viv__parameterized223\ [\AXI4_Stream_Divider_m_xbip_pipe...]
Compiling architecture structure of entity xil_defaultlib.\AXI4_Stream_Divider_m_xbip_pipe_v3_0_3_viv__parameterized225\ [\AXI4_Stream_Divider_m_xbip_pipe...]
Compiling architecture structure of entity xil_defaultlib.\AXI4_Stream_Divider_m_xbip_pipe_v3_0_3_viv__parameterized227\ [\AXI4_Stream_Divider_m_xbip_pipe...]
Compiling architecture structure of entity xil_defaultlib.\AXI4_Stream_Divider_m_xbip_pipe_v3_0_3_viv__parameterized229\ [\AXI4_Stream_Divider_m_xbip_pipe...]
Compiling architecture structure of entity xil_defaultlib.\AXI4_Stream_Divider_m_xbip_pipe_v3_0_3_viv__parameterized231\ [\AXI4_Stream_Divider_m_xbip_pipe...]
Compiling architecture structure of entity xil_defaultlib.\AXI4_Stream_Divider_m_xbip_pipe_v3_0_3_viv__parameterized233\ [\AXI4_Stream_Divider_m_xbip_pipe...]
Compiling architecture structure of entity xil_defaultlib.\AXI4_Stream_Divider_m_xbip_pipe_v3_0_3_viv__parameterized235\ [\AXI4_Stream_Divider_m_xbip_pipe...]
Compiling architecture structure of entity xil_defaultlib.\AXI4_Stream_Divider_m_xbip_pipe_v3_0_3_viv__parameterized237\ [\AXI4_Stream_Divider_m_xbip_pipe...]
Compiling architecture structure of entity xil_defaultlib.\AXI4_Stream_Divider_m_xbip_pipe_v3_0_3_viv__parameterized239\ [\AXI4_Stream_Divider_m_xbip_pipe...]
Compiling architecture structure of entity xil_defaultlib.\AXI4_Stream_Divider_m_xbip_pipe_v3_0_3_viv__parameterized241\ [\AXI4_Stream_Divider_m_xbip_pipe...]
Compiling architecture structure of entity xil_defaultlib.\AXI4_Stream_Divider_m_xbip_pipe_v3_0_3_viv__parameterized47\ [\AXI4_Stream_Divider_m_xbip_pipe...]
Compiling architecture structure of entity xil_defaultlib.\AXI4_Stream_Divider_m_xbip_pipe_v3_0_3_viv__parameterized29_24\ [\AXI4_Stream_Divider_m_xbip_pipe...]
Compiling architecture structure of entity xil_defaultlib.\AXI4_Stream_Divider_m_xbip_pipe_v3_0_3_viv__parameterized33_25\ [\AXI4_Stream_Divider_m_xbip_pipe...]
Compiling architecture structure of entity xil_defaultlib.\AXI4_Stream_Divider_m_xbip_pipe_v3_0_3_viv__parameterized31_26\ [\AXI4_Stream_Divider_m_xbip_pipe...]
Compiling architecture structure of entity xil_defaultlib.AXI4_Stream_Divider_m_c_addsub_lut6_23 [axi4_stream_divider_m_c_addsub_l...]
Compiling architecture structure of entity xil_defaultlib.AXI4_Stream_Divider_m_c_addsub_viv_22 [axi4_stream_divider_m_c_addsub_v...]
Compiling architecture structure of entity xil_defaultlib.AXI4_Stream_Divider_m_addsubreg_v_8 [axi4_stream_divider_m_addsubreg_...]
Compiling architecture structure of entity xil_defaultlib.\AXI4_Stream_Divider_m_xbip_pipe_v3_0_3_viv__parameterized243\ [\AXI4_Stream_Divider_m_xbip_pipe...]
Compiling architecture structure of entity xil_defaultlib.\AXI4_Stream_Divider_m_xbip_pipe_v3_0_3_viv__parameterized245\ [\AXI4_Stream_Divider_m_xbip_pipe...]
Compiling architecture structure of entity xil_defaultlib.\AXI4_Stream_Divider_m_xbip_pipe_v3_0_3_viv__parameterized247\ [\AXI4_Stream_Divider_m_xbip_pipe...]
Compiling architecture structure of entity xil_defaultlib.\AXI4_Stream_Divider_m_xbip_pipe_v3_0_3_viv__parameterized249\ [\AXI4_Stream_Divider_m_xbip_pipe...]
Compiling architecture structure of entity xil_defaultlib.\AXI4_Stream_Divider_m_xbip_pipe_v3_0_3_viv__parameterized251\ [\AXI4_Stream_Divider_m_xbip_pipe...]
Compiling architecture structure of entity xil_defaultlib.\AXI4_Stream_Divider_m_xbip_pipe_v3_0_3_viv__parameterized253\ [\AXI4_Stream_Divider_m_xbip_pipe...]
Compiling architecture structure of entity xil_defaultlib.\AXI4_Stream_Divider_m_xbip_pipe_v3_0_3_viv__parameterized255\ [\AXI4_Stream_Divider_m_xbip_pipe...]
Compiling architecture structure of entity xil_defaultlib.\AXI4_Stream_Divider_m_xbip_pipe_v3_0_3_viv__parameterized257\ [\AXI4_Stream_Divider_m_xbip_pipe...]
Compiling architecture structure of entity xil_defaultlib.\AXI4_Stream_Divider_m_xbip_pipe_v3_0_3_viv__parameterized259\ [\AXI4_Stream_Divider_m_xbip_pipe...]
Compiling architecture structure of entity xil_defaultlib.\AXI4_Stream_Divider_m_xbip_pipe_v3_0_3_viv__parameterized261\ [\AXI4_Stream_Divider_m_xbip_pipe...]
Compiling architecture structure of entity xil_defaultlib.\AXI4_Stream_Divider_m_xbip_pipe_v3_0_3_viv__parameterized29_19\ [\AXI4_Stream_Divider_m_xbip_pipe...]
Compiling architecture structure of entity xil_defaultlib.\AXI4_Stream_Divider_m_xbip_pipe_v3_0_3_viv__parameterized33_20\ [\AXI4_Stream_Divider_m_xbip_pipe...]
Compiling architecture structure of entity xil_defaultlib.\AXI4_Stream_Divider_m_xbip_pipe_v3_0_3_viv__parameterized31_21\ [\AXI4_Stream_Divider_m_xbip_pipe...]
Compiling architecture structure of entity xil_defaultlib.AXI4_Stream_Divider_m_c_addsub_lut6_18 [axi4_stream_divider_m_c_addsub_l...]
Compiling architecture structure of entity xil_defaultlib.AXI4_Stream_Divider_m_c_addsub_viv_17 [axi4_stream_divider_m_c_addsub_v...]
Compiling architecture structure of entity xil_defaultlib.AXI4_Stream_Divider_m_addsubreg_v_9 [axi4_stream_divider_m_addsubreg_...]
Compiling architecture structure of entity xil_defaultlib.\AXI4_Stream_Divider_m_xbip_pipe_v3_0_3_viv__parameterized263\ [\AXI4_Stream_Divider_m_xbip_pipe...]
Compiling architecture structure of entity xil_defaultlib.\AXI4_Stream_Divider_m_xbip_pipe_v3_0_3_viv__parameterized265\ [\AXI4_Stream_Divider_m_xbip_pipe...]
Compiling architecture structure of entity xil_defaultlib.\AXI4_Stream_Divider_m_xbip_pipe_v3_0_3_viv__parameterized267\ [\AXI4_Stream_Divider_m_xbip_pipe...]
Compiling architecture structure of entity xil_defaultlib.\AXI4_Stream_Divider_m_xbip_pipe_v3_0_3_viv__parameterized269\ [\AXI4_Stream_Divider_m_xbip_pipe...]
Compiling architecture structure of entity xil_defaultlib.\AXI4_Stream_Divider_m_xbip_pipe_v3_0_3_viv__parameterized29_14\ [\AXI4_Stream_Divider_m_xbip_pipe...]
Compiling architecture structure of entity xil_defaultlib.\AXI4_Stream_Divider_m_xbip_pipe_v3_0_3_viv__parameterized33_15\ [\AXI4_Stream_Divider_m_xbip_pipe...]
Compiling architecture structure of entity xil_defaultlib.\AXI4_Stream_Divider_m_xbip_pipe_v3_0_3_viv__parameterized31_16\ [\AXI4_Stream_Divider_m_xbip_pipe...]
Compiling architecture structure of entity xil_defaultlib.AXI4_Stream_Divider_m_c_addsub_lut6_13 [axi4_stream_divider_m_c_addsub_l...]
Compiling architecture structure of entity xil_defaultlib.AXI4_Stream_Divider_m_c_addsub_viv_12 [axi4_stream_divider_m_c_addsub_v...]
Compiling architecture structure of entity xil_defaultlib.AXI4_Stream_Divider_m_addsubreg_v_10 [axi4_stream_divider_m_addsubreg_...]
Compiling architecture structure of entity xil_defaultlib.\AXI4_Stream_Divider_m_xbip_pipe_v3_0_3_viv__parameterized51\ [\AXI4_Stream_Divider_m_xbip_pipe...]
Compiling architecture structure of entity xil_defaultlib.\AXI4_Stream_Divider_m_xbip_pipe_v3_0_3_viv__parameterized53\ [\AXI4_Stream_Divider_m_xbip_pipe...]
Compiling architecture structure of entity xil_defaultlib.\AXI4_Stream_Divider_m_xbip_pipe_v3_0_3_viv__parameterized49\ [\AXI4_Stream_Divider_m_xbip_pipe...]
Compiling architecture structure of entity xil_defaultlib.\AXI4_Stream_Divider_m_xbip_pipe_v3_0_3_viv__parameterized55\ [\AXI4_Stream_Divider_m_xbip_pipe...]
Compiling architecture structure of entity xil_defaultlib.\AXI4_Stream_Divider_m_xbip_pipe_v3_0_3_viv__parameterized271\ [\AXI4_Stream_Divider_m_xbip_pipe...]
Compiling architecture structure of entity xil_defaultlib.\AXI4_Stream_Divider_m_xbip_pipe_v3_0_3_viv__parameterized273\ [\AXI4_Stream_Divider_m_xbip_pipe...]
Compiling architecture structure of entity xil_defaultlib.\AXI4_Stream_Divider_m_xbip_pipe_v3_0_3_viv__parameterized275\ [\AXI4_Stream_Divider_m_xbip_pipe...]
Compiling architecture structure of entity xil_defaultlib.\AXI4_Stream_Divider_m_xbip_pipe_v3_0_3_viv__parameterized277\ [\AXI4_Stream_Divider_m_xbip_pipe...]
Compiling architecture structure of entity xil_defaultlib.\AXI4_Stream_Divider_m_xbip_pipe_v3_0_3_viv__parameterized279\ [\AXI4_Stream_Divider_m_xbip_pipe...]
Compiling architecture structure of entity xil_defaultlib.\AXI4_Stream_Divider_m_xbip_pipe_v3_0_3_viv__parameterized281\ [\AXI4_Stream_Divider_m_xbip_pipe...]
Compiling architecture structure of entity xil_defaultlib.\AXI4_Stream_Divider_m_xbip_pipe_v3_0_3_viv__parameterized29\ [\AXI4_Stream_Divider_m_xbip_pipe...]
Compiling architecture structure of entity xil_defaultlib.\AXI4_Stream_Divider_m_xbip_pipe_v3_0_3_viv__parameterized33\ [\AXI4_Stream_Divider_m_xbip_pipe...]
Compiling architecture structure of entity xil_defaultlib.\AXI4_Stream_Divider_m_xbip_pipe_v3_0_3_viv__parameterized31\ [\AXI4_Stream_Divider_m_xbip_pipe...]
Compiling architecture structure of entity xil_defaultlib.AXI4_Stream_Divider_m_c_addsub_lut6 [axi4_stream_divider_m_c_addsub_l...]
Compiling architecture structure of entity xil_defaultlib.AXI4_Stream_Divider_m_c_addsub_viv [axi4_stream_divider_m_c_addsub_v...]
Compiling architecture structure of entity xil_defaultlib.AXI4_Stream_Divider_m_addsubreg_v_11 [axi4_stream_divider_m_addsubreg_...]
Compiling architecture structure of entity xil_defaultlib.\AXI4_Stream_Divider_m_xbip_pipe_v3_0_3_viv__parameterized283\ [\AXI4_Stream_Divider_m_xbip_pipe...]
Compiling architecture structure of entity xil_defaultlib.\AXI4_Stream_Divider_m_xbip_pipe_v3_0_3_viv__parameterized285\ [\AXI4_Stream_Divider_m_xbip_pipe...]
Compiling architecture structure of entity xil_defaultlib.\AXI4_Stream_Divider_m_xbip_pipe_v3_0_3_viv__parameterized287\ [\AXI4_Stream_Divider_m_xbip_pipe...]
Compiling architecture structure of entity xil_defaultlib.\AXI4_Stream_Divider_m_xbip_pipe_v3_0_3_viv__parameterized289\ [\AXI4_Stream_Divider_m_xbip_pipe...]
Compiling architecture structure of entity xil_defaultlib.\AXI4_Stream_Divider_m_xbip_pipe_v3_0_3_viv__parameterized291\ [\AXI4_Stream_Divider_m_xbip_pipe...]
Compiling architecture structure of entity xil_defaultlib.\AXI4_Stream_Divider_m_xbip_pipe_v3_0_3_viv__parameterized293\ [\AXI4_Stream_Divider_m_xbip_pipe...]
Compiling architecture structure of entity xil_defaultlib.\AXI4_Stream_Divider_m_xbip_pipe_v3_0_3_viv__parameterized57\ [\AXI4_Stream_Divider_m_xbip_pipe...]
Compiling architecture structure of entity xil_defaultlib.\AXI4_Stream_Divider_m_xbip_pipe_v3_0_3_viv__parameterized305\ [\AXI4_Stream_Divider_m_xbip_pipe...]
Compiling architecture structure of entity xil_defaultlib.\AXI4_Stream_Divider_m_xbip_pipe_v3_0_3_viv__parameterized307\ [\AXI4_Stream_Divider_m_xbip_pipe...]
Compiling architecture structure of entity xil_defaultlib.\AXI4_Stream_Divider_m_xbip_pipe_v3_0_3_viv__parameterized303\ [\AXI4_Stream_Divider_m_xbip_pipe...]
Compiling architecture structure of entity xil_defaultlib.\AXI4_Stream_Divider_m_xbip_pipe_v3_0_3_viv__parameterized309\ [\AXI4_Stream_Divider_m_xbip_pipe...]
Compiling architecture structure of entity xil_defaultlib.AXI4_Stream_Divider_m_dividervdc_v [axi4_stream_divider_m_dividervdc...]
Compiling architecture structure of entity xil_defaultlib.AXI4_Stream_Divider_m_bip_sdivider_synth [axi4_stream_divider_m_bip_sdivid...]
Compiling architecture structure of entity xil_defaultlib.AXI4_Stream_Divider_m_div_gen_synth [axi4_stream_divider_m_div_gen_sy...]
Compiling architecture lut5_v of entity unisim.LUT5 [\LUT5(init="01101001011001100110...]
Compiling architecture lut6_v of entity unisim.LUT6 [\LUT6(init="00001101111100101111...]
Compiling architecture lut6_v of entity unisim.LUT6 [\LUT6(init="01001111111111111011...]
Compiling architecture lut6_v of entity unisim.LUT6 [\LUT6(init="01110111111111110000...]
Compiling architecture lut2_v of entity unisim.LUT2 [\LUT2(init="1011")(0,3)\]
Compiling architecture lut6_v of entity unisim.LUT6 [\LUT6(init="11111111111111111111...]
Compiling architecture lut3_v of entity unisim.LUT3 [\LUT3(init="00001101")(0,7)\]
Compiling architecture lut3_v of entity unisim.LUT3 [\LUT3(init="01110101")(0,7)\]
Compiling architecture structure of entity xil_defaultlib.AXI4_Stream_Divider_m_glb_srl_fifo [axi4_stream_divider_m_glb_srl_fi...]
Compiling architecture structure of entity xil_defaultlib.AXI4_Stream_Divider_m_glb_ifx_master [axi4_stream_divider_m_glb_ifx_ma...]
Compiling architecture structure of entity xil_defaultlib.AXI4_Stream_Divider_m_div_gen_v5_1_11_viv [axi4_stream_divider_m_div_gen_v5...]
Compiling architecture structure of entity xil_defaultlib.AXI4_Stream_Divider_m_div_gen_v5_1_11 [axi4_stream_divider_m_div_gen_v5...]
Compiling architecture structure of entity xil_defaultlib.AXI4_Stream_Divider_m [axi4_stream_divider_m_default]
Compiling architecture lut4_v of entity unisim.LUT4 [\LUT4(init="0010111100000010")(0...]
Compiling architecture lut4_v of entity unisim.LUT4 [\LUT4(init="1001000000001001")(0...]
Compiling architecture lut3_v of entity unisim.LUT3 [\LUT3(init="00000100")(0,7)\]
Compiling architecture lut3_v of entity unisim.LUT3 [\LUT3(init="00001001")(0,7)\]
Compiling architecture lut2_v of entity unisim.LUT2 [\LUT2(init="0001")(0,3)\]
Compiling architecture lut3_v of entity unisim.LUT3 [\LUT3(init="10111000")(0,7)\]
Compiling architecture lut6_v of entity unisim.LUT6 [\LUT6(init="00000000110000001100...]
Compiling architecture lut6_v of entity unisim.LUT6 [\LUT6(init="01000100110011001100...]
Compiling architecture lut6_v of entity unisim.LUT6 [\LUT6(init="11101111001011110010...]
Compiling architecture lut6_v of entity unisim.LUT6 [\LUT6(init="00000000001000001111...]
Compiling architecture lut4_v of entity unisim.LUT4 [\LUT4(init="0100111101000101")(0...]
Compiling architecture lut4_v of entity unisim.LUT4 [\LUT4(init="1111101111111111")(0...]
Compiling architecture lut6_v of entity unisim.LUT6 [\LUT6(init="11111111111111111111...]
Compiling architecture lut4_v of entity unisim.LUT4 [\LUT4(init="0000000000000001")(0...]
Compiling architecture lut6_v of entity unisim.LUT6 [\LUT6(init="00000000000000000000...]
Compiling architecture lut5_v of entity unisim.LUT5 [\LUT5(init="10110101101111110000...]
Compiling architecture lut4_v of entity unisim.LUT4 [\LUT4(init="0100000001010101")(0...]
Compiling architecture lut3_v of entity unisim.LUT3 [\LUT3(init="01101010")(0,7)\]
Compiling architecture lut3_v of entity unisim.LUT3 [\LUT3(init="01000101")(0,7)\]
Compiling architecture lut4_v of entity unisim.LUT4 [\LUT4(init="1000100010111000")(0...]
Compiling architecture structure of entity xil_defaultlib.AXI4_Stream_Square_Root_m [axi4_stream_square_root_m_defaul...]
Compiling architecture bufg_v of entity unisim.BUFG [bufg_default]
Compiling architecture ibuf_v of entity unisim.IBUF [\IBUF(1,9,1,1,1,4,1,7)\]
Compiling architecture obuf_v of entity unisim.OBUF [\OBUF(1,9,1,7,1,4)\]
Compiling architecture structure of entity xil_defaultlib.Task4_m [task4_m_default]
Compiling architecture behavioral of entity xil_defaultlib.task4_tb
Built simulation snapshot Task4_tb_func_synth
