INFO: [VRFC 10-163] Analyzing VHDL file "/home/daniele/Sistemi_Embedded/Final_project/versione 3 - sqrt daniele/project_Task4/project_Task4.sim/sim_1/synth/func/Task4_tb_func_synth.vhd" into library xil_defaultlib
INFO: [VRFC 10-307] analyzing entity AXI4_Stream_Square_Root_m
INFO: [VRFC 10-307] analyzing entity abs_sqr_control_unit_m
INFO: [VRFC 10-307] analyzing entity abs_sqr_control_unit_m_2
INFO: [VRFC 10-307] analyzing entity mod_quad_oper
INFO: [VRFC 10-307] analyzing entity mod_quad_oper_6
INFO: [VRFC 10-307] analyzing entity register_m
INFO: [VRFC 10-307] analyzing entity register_m_1
INFO: [VRFC 10-307] analyzing entity register_m_4
INFO: [VRFC 10-307] analyzing entity register_m_5
INFO: [VRFC 10-307] analyzing entity AXI4_Stream_Divider_m_axi_slave_2to1
INFO: [VRFC 10-307] analyzing entity AXI4_Stream_Divider_m_glb_srl_fifo
INFO: [VRFC 10-307] analyzing entity AXI4_Stream_Divider_m_xbip_pipe_v3_0_3_viv
INFO: [VRFC 10-307] analyzing entity \AXI4_Stream_Divider_m_xbip_pipe_v3_0_3_viv__parameterized1\
INFO: [VRFC 10-307] analyzing entity \AXI4_Stream_Divider_m_xbip_pipe_v3_0_3_viv__parameterized101\
INFO: [VRFC 10-307] analyzing entity \AXI4_Stream_Divider_m_xbip_pipe_v3_0_3_viv__parameterized103\
INFO: [VRFC 10-307] analyzing entity \AXI4_Stream_Divider_m_xbip_pipe_v3_0_3_viv__parameterized105\
INFO: [VRFC 10-307] analyzing entity \AXI4_Stream_Divider_m_xbip_pipe_v3_0_3_viv__parameterized107\
INFO: [VRFC 10-307] analyzing entity \AXI4_Stream_Divider_m_xbip_pipe_v3_0_3_viv__parameterized109\
INFO: [VRFC 10-307] analyzing entity \AXI4_Stream_Divider_m_xbip_pipe_v3_0_3_viv__parameterized11\
INFO: [VRFC 10-307] analyzing entity \AXI4_Stream_Divider_m_xbip_pipe_v3_0_3_viv__parameterized111\
INFO: [VRFC 10-307] analyzing entity \AXI4_Stream_Divider_m_xbip_pipe_v3_0_3_viv__parameterized113\
INFO: [VRFC 10-307] analyzing entity \AXI4_Stream_Divider_m_xbip_pipe_v3_0_3_viv__parameterized115\
INFO: [VRFC 10-307] analyzing entity \AXI4_Stream_Divider_m_xbip_pipe_v3_0_3_viv__parameterized117\
INFO: [VRFC 10-307] analyzing entity \AXI4_Stream_Divider_m_xbip_pipe_v3_0_3_viv__parameterized119\
INFO: [VRFC 10-307] analyzing entity \AXI4_Stream_Divider_m_xbip_pipe_v3_0_3_viv__parameterized121\
INFO: [VRFC 10-307] analyzing entity \AXI4_Stream_Divider_m_xbip_pipe_v3_0_3_viv__parameterized123\
INFO: [VRFC 10-307] analyzing entity \AXI4_Stream_Divider_m_xbip_pipe_v3_0_3_viv__parameterized125\
INFO: [VRFC 10-307] analyzing entity \AXI4_Stream_Divider_m_xbip_pipe_v3_0_3_viv__parameterized127\
INFO: [VRFC 10-307] analyzing entity \AXI4_Stream_Divider_m_xbip_pipe_v3_0_3_viv__parameterized129\
INFO: [VRFC 10-307] analyzing entity \AXI4_Stream_Divider_m_xbip_pipe_v3_0_3_viv__parameterized13\
INFO: [VRFC 10-307] analyzing entity \AXI4_Stream_Divider_m_xbip_pipe_v3_0_3_viv__parameterized131\
INFO: [VRFC 10-307] analyzing entity \AXI4_Stream_Divider_m_xbip_pipe_v3_0_3_viv__parameterized133\
INFO: [VRFC 10-307] analyzing entity \AXI4_Stream_Divider_m_xbip_pipe_v3_0_3_viv__parameterized135\
INFO: [VRFC 10-307] analyzing entity \AXI4_Stream_Divider_m_xbip_pipe_v3_0_3_viv__parameterized137\
INFO: [VRFC 10-307] analyzing entity \AXI4_Stream_Divider_m_xbip_pipe_v3_0_3_viv__parameterized139\
INFO: [VRFC 10-307] analyzing entity \AXI4_Stream_Divider_m_xbip_pipe_v3_0_3_viv__parameterized141\
INFO: [VRFC 10-307] analyzing entity \AXI4_Stream_Divider_m_xbip_pipe_v3_0_3_viv__parameterized143\
INFO: [VRFC 10-307] analyzing entity \AXI4_Stream_Divider_m_xbip_pipe_v3_0_3_viv__parameterized145\
INFO: [VRFC 10-307] analyzing entity \AXI4_Stream_Divider_m_xbip_pipe_v3_0_3_viv__parameterized147\
INFO: [VRFC 10-307] analyzing entity \AXI4_Stream_Divider_m_xbip_pipe_v3_0_3_viv__parameterized149\
INFO: [VRFC 10-307] analyzing entity \AXI4_Stream_Divider_m_xbip_pipe_v3_0_3_viv__parameterized15\
INFO: [VRFC 10-307] analyzing entity \AXI4_Stream_Divider_m_xbip_pipe_v3_0_3_viv__parameterized151\
INFO: [VRFC 10-307] analyzing entity \AXI4_Stream_Divider_m_xbip_pipe_v3_0_3_viv__parameterized153\
INFO: [VRFC 10-307] analyzing entity \AXI4_Stream_Divider_m_xbip_pipe_v3_0_3_viv__parameterized155\
INFO: [VRFC 10-307] analyzing entity \AXI4_Stream_Divider_m_xbip_pipe_v3_0_3_viv__parameterized157\
INFO: [VRFC 10-307] analyzing entity \AXI4_Stream_Divider_m_xbip_pipe_v3_0_3_viv__parameterized159\
INFO: [VRFC 10-307] analyzing entity \AXI4_Stream_Divider_m_xbip_pipe_v3_0_3_viv__parameterized161\
INFO: [VRFC 10-307] analyzing entity \AXI4_Stream_Divider_m_xbip_pipe_v3_0_3_viv__parameterized163\
INFO: [VRFC 10-307] analyzing entity \AXI4_Stream_Divider_m_xbip_pipe_v3_0_3_viv__parameterized165\
INFO: [VRFC 10-307] analyzing entity \AXI4_Stream_Divider_m_xbip_pipe_v3_0_3_viv__parameterized167\
INFO: [VRFC 10-307] analyzing entity \AXI4_Stream_Divider_m_xbip_pipe_v3_0_3_viv__parameterized169\
INFO: [VRFC 10-307] analyzing entity \AXI4_Stream_Divider_m_xbip_pipe_v3_0_3_viv__parameterized17\
INFO: [VRFC 10-307] analyzing entity \AXI4_Stream_Divider_m_xbip_pipe_v3_0_3_viv__parameterized171\
INFO: [VRFC 10-307] analyzing entity \AXI4_Stream_Divider_m_xbip_pipe_v3_0_3_viv__parameterized173\
INFO: [VRFC 10-307] analyzing entity \AXI4_Stream_Divider_m_xbip_pipe_v3_0_3_viv__parameterized175\
INFO: [VRFC 10-307] analyzing entity \AXI4_Stream_Divider_m_xbip_pipe_v3_0_3_viv__parameterized177\
INFO: [VRFC 10-307] analyzing entity \AXI4_Stream_Divider_m_xbip_pipe_v3_0_3_viv__parameterized179\
INFO: [VRFC 10-307] analyzing entity \AXI4_Stream_Divider_m_xbip_pipe_v3_0_3_viv__parameterized181\
INFO: [VRFC 10-307] analyzing entity \AXI4_Stream_Divider_m_xbip_pipe_v3_0_3_viv__parameterized183\
INFO: [VRFC 10-307] analyzing entity \AXI4_Stream_Divider_m_xbip_pipe_v3_0_3_viv__parameterized185\
INFO: [VRFC 10-307] analyzing entity \AXI4_Stream_Divider_m_xbip_pipe_v3_0_3_viv__parameterized187\
INFO: [VRFC 10-307] analyzing entity \AXI4_Stream_Divider_m_xbip_pipe_v3_0_3_viv__parameterized189\
INFO: [VRFC 10-307] analyzing entity \AXI4_Stream_Divider_m_xbip_pipe_v3_0_3_viv__parameterized19\
INFO: [VRFC 10-307] analyzing entity \AXI4_Stream_Divider_m_xbip_pipe_v3_0_3_viv__parameterized191\
INFO: [VRFC 10-307] analyzing entity \AXI4_Stream_Divider_m_xbip_pipe_v3_0_3_viv__parameterized193\
INFO: [VRFC 10-307] analyzing entity \AXI4_Stream_Divider_m_xbip_pipe_v3_0_3_viv__parameterized195\
INFO: [VRFC 10-307] analyzing entity \AXI4_Stream_Divider_m_xbip_pipe_v3_0_3_viv__parameterized197\
INFO: [VRFC 10-307] analyzing entity \AXI4_Stream_Divider_m_xbip_pipe_v3_0_3_viv__parameterized199\
INFO: [VRFC 10-307] analyzing entity \AXI4_Stream_Divider_m_xbip_pipe_v3_0_3_viv__parameterized201\
INFO: [VRFC 10-307] analyzing entity \AXI4_Stream_Divider_m_xbip_pipe_v3_0_3_viv__parameterized203\
INFO: [VRFC 10-307] analyzing entity \AXI4_Stream_Divider_m_xbip_pipe_v3_0_3_viv__parameterized205\
INFO: [VRFC 10-307] analyzing entity \AXI4_Stream_Divider_m_xbip_pipe_v3_0_3_viv__parameterized207\
INFO: [VRFC 10-307] analyzing entity \AXI4_Stream_Divider_m_xbip_pipe_v3_0_3_viv__parameterized209\
INFO: [VRFC 10-307] analyzing entity \AXI4_Stream_Divider_m_xbip_pipe_v3_0_3_viv__parameterized21\
INFO: [VRFC 10-307] analyzing entity \AXI4_Stream_Divider_m_xbip_pipe_v3_0_3_viv__parameterized211\
INFO: [VRFC 10-307] analyzing entity \AXI4_Stream_Divider_m_xbip_pipe_v3_0_3_viv__parameterized213\
INFO: [VRFC 10-307] analyzing entity \AXI4_Stream_Divider_m_xbip_pipe_v3_0_3_viv__parameterized215\
INFO: [VRFC 10-307] analyzing entity \AXI4_Stream_Divider_m_xbip_pipe_v3_0_3_viv__parameterized217\
INFO: [VRFC 10-307] analyzing entity \AXI4_Stream_Divider_m_xbip_pipe_v3_0_3_viv__parameterized219\
INFO: [VRFC 10-307] analyzing entity \AXI4_Stream_Divider_m_xbip_pipe_v3_0_3_viv__parameterized221\
INFO: [VRFC 10-307] analyzing entity \AXI4_Stream_Divider_m_xbip_pipe_v3_0_3_viv__parameterized223\
INFO: [VRFC 10-307] analyzing entity \AXI4_Stream_Divider_m_xbip_pipe_v3_0_3_viv__parameterized225\
INFO: [VRFC 10-307] analyzing entity \AXI4_Stream_Divider_m_xbip_pipe_v3_0_3_viv__parameterized227\
INFO: [VRFC 10-307] analyzing entity \AXI4_Stream_Divider_m_xbip_pipe_v3_0_3_viv__parameterized229\
INFO: [VRFC 10-307] analyzing entity \AXI4_Stream_Divider_m_xbip_pipe_v3_0_3_viv__parameterized23\
INFO: [VRFC 10-307] analyzing entity \AXI4_Stream_Divider_m_xbip_pipe_v3_0_3_viv__parameterized231\
INFO: [VRFC 10-307] analyzing entity \AXI4_Stream_Divider_m_xbip_pipe_v3_0_3_viv__parameterized233\
INFO: [VRFC 10-307] analyzing entity \AXI4_Stream_Divider_m_xbip_pipe_v3_0_3_viv__parameterized235\
INFO: [VRFC 10-307] analyzing entity \AXI4_Stream_Divider_m_xbip_pipe_v3_0_3_viv__parameterized237\
INFO: [VRFC 10-307] analyzing entity \AXI4_Stream_Divider_m_xbip_pipe_v3_0_3_viv__parameterized239\
INFO: [VRFC 10-307] analyzing entity \AXI4_Stream_Divider_m_xbip_pipe_v3_0_3_viv__parameterized241\
INFO: [VRFC 10-307] analyzing entity \AXI4_Stream_Divider_m_xbip_pipe_v3_0_3_viv__parameterized243\
INFO: [VRFC 10-307] analyzing entity \AXI4_Stream_Divider_m_xbip_pipe_v3_0_3_viv__parameterized245\
INFO: [VRFC 10-307] analyzing entity \AXI4_Stream_Divider_m_xbip_pipe_v3_0_3_viv__parameterized247\
INFO: [VRFC 10-307] analyzing entity \AXI4_Stream_Divider_m_xbip_pipe_v3_0_3_viv__parameterized249\
INFO: [VRFC 10-307] analyzing entity \AXI4_Stream_Divider_m_xbip_pipe_v3_0_3_viv__parameterized25\
INFO: [VRFC 10-307] analyzing entity \AXI4_Stream_Divider_m_xbip_pipe_v3_0_3_viv__parameterized251\
INFO: [VRFC 10-307] analyzing entity \AXI4_Stream_Divider_m_xbip_pipe_v3_0_3_viv__parameterized253\
INFO: [VRFC 10-307] analyzing entity \AXI4_Stream_Divider_m_xbip_pipe_v3_0_3_viv__parameterized255\
INFO: [VRFC 10-307] analyzing entity \AXI4_Stream_Divider_m_xbip_pipe_v3_0_3_viv__parameterized257\
INFO: [VRFC 10-307] analyzing entity \AXI4_Stream_Divider_m_xbip_pipe_v3_0_3_viv__parameterized259\
INFO: [VRFC 10-307] analyzing entity \AXI4_Stream_Divider_m_xbip_pipe_v3_0_3_viv__parameterized261\
INFO: [VRFC 10-307] analyzing entity \AXI4_Stream_Divider_m_xbip_pipe_v3_0_3_viv__parameterized263\
INFO: [VRFC 10-307] analyzing entity \AXI4_Stream_Divider_m_xbip_pipe_v3_0_3_viv__parameterized265\
INFO: [VRFC 10-307] analyzing entity \AXI4_Stream_Divider_m_xbip_pipe_v3_0_3_viv__parameterized267\
INFO: [VRFC 10-307] analyzing entity \AXI4_Stream_Divider_m_xbip_pipe_v3_0_3_viv__parameterized269\
INFO: [VRFC 10-307] analyzing entity \AXI4_Stream_Divider_m_xbip_pipe_v3_0_3_viv__parameterized27\
INFO: [VRFC 10-307] analyzing entity \AXI4_Stream_Divider_m_xbip_pipe_v3_0_3_viv__parameterized271\
INFO: [VRFC 10-307] analyzing entity \AXI4_Stream_Divider_m_xbip_pipe_v3_0_3_viv__parameterized273\
INFO: [VRFC 10-307] analyzing entity \AXI4_Stream_Divider_m_xbip_pipe_v3_0_3_viv__parameterized275\
INFO: [VRFC 10-307] analyzing entity \AXI4_Stream_Divider_m_xbip_pipe_v3_0_3_viv__parameterized277\
INFO: [VRFC 10-307] analyzing entity \AXI4_Stream_Divider_m_xbip_pipe_v3_0_3_viv__parameterized279\
INFO: [VRFC 10-307] analyzing entity \AXI4_Stream_Divider_m_xbip_pipe_v3_0_3_viv__parameterized281\
INFO: [VRFC 10-307] analyzing entity \AXI4_Stream_Divider_m_xbip_pipe_v3_0_3_viv__parameterized283\
INFO: [VRFC 10-307] analyzing entity \AXI4_Stream_Divider_m_xbip_pipe_v3_0_3_viv__parameterized285\
INFO: [VRFC 10-307] analyzing entity \AXI4_Stream_Divider_m_xbip_pipe_v3_0_3_viv__parameterized287\
INFO: [VRFC 10-307] analyzing entity \AXI4_Stream_Divider_m_xbip_pipe_v3_0_3_viv__parameterized289\
INFO: [VRFC 10-307] analyzing entity \AXI4_Stream_Divider_m_xbip_pipe_v3_0_3_viv__parameterized29\
INFO: [VRFC 10-307] analyzing entity \AXI4_Stream_Divider_m_xbip_pipe_v3_0_3_viv__parameterized291\
INFO: [VRFC 10-307] analyzing entity \AXI4_Stream_Divider_m_xbip_pipe_v3_0_3_viv__parameterized293\
INFO: [VRFC 10-307] analyzing entity \AXI4_Stream_Divider_m_xbip_pipe_v3_0_3_viv__parameterized295\
INFO: [VRFC 10-307] analyzing entity \AXI4_Stream_Divider_m_xbip_pipe_v3_0_3_viv__parameterized297\
INFO: [VRFC 10-307] analyzing entity \AXI4_Stream_Divider_m_xbip_pipe_v3_0_3_viv__parameterized299\
INFO: [VRFC 10-307] analyzing entity \AXI4_Stream_Divider_m_xbip_pipe_v3_0_3_viv__parameterized29_14\
INFO: [VRFC 10-307] analyzing entity \AXI4_Stream_Divider_m_xbip_pipe_v3_0_3_viv__parameterized29_19\
INFO: [VRFC 10-307] analyzing entity \AXI4_Stream_Divider_m_xbip_pipe_v3_0_3_viv__parameterized29_24\
INFO: [VRFC 10-307] analyzing entity \AXI4_Stream_Divider_m_xbip_pipe_v3_0_3_viv__parameterized29_29\
INFO: [VRFC 10-307] analyzing entity \AXI4_Stream_Divider_m_xbip_pipe_v3_0_3_viv__parameterized29_34\
INFO: [VRFC 10-307] analyzing entity \AXI4_Stream_Divider_m_xbip_pipe_v3_0_3_viv__parameterized29_39\
INFO: [VRFC 10-307] analyzing entity \AXI4_Stream_Divider_m_xbip_pipe_v3_0_3_viv__parameterized29_44\
INFO: [VRFC 10-307] analyzing entity \AXI4_Stream_Divider_m_xbip_pipe_v3_0_3_viv__parameterized29_49\
INFO: [VRFC 10-307] analyzing entity \AXI4_Stream_Divider_m_xbip_pipe_v3_0_3_viv__parameterized29_54\
INFO: [VRFC 10-307] analyzing entity \AXI4_Stream_Divider_m_xbip_pipe_v3_0_3_viv__parameterized29_59\
INFO: [VRFC 10-307] analyzing entity \AXI4_Stream_Divider_m_xbip_pipe_v3_0_3_viv__parameterized29_64\
INFO: [VRFC 10-307] analyzing entity \AXI4_Stream_Divider_m_xbip_pipe_v3_0_3_viv__parameterized29_69\
INFO: [VRFC 10-307] analyzing entity \AXI4_Stream_Divider_m_xbip_pipe_v3_0_3_viv__parameterized3\
INFO: [VRFC 10-307] analyzing entity \AXI4_Stream_Divider_m_xbip_pipe_v3_0_3_viv__parameterized301\
INFO: [VRFC 10-307] analyzing entity \AXI4_Stream_Divider_m_xbip_pipe_v3_0_3_viv__parameterized303\
INFO: [VRFC 10-307] analyzing entity \AXI4_Stream_Divider_m_xbip_pipe_v3_0_3_viv__parameterized305\
INFO: [VRFC 10-307] analyzing entity \AXI4_Stream_Divider_m_xbip_pipe_v3_0_3_viv__parameterized307\
INFO: [VRFC 10-307] analyzing entity \AXI4_Stream_Divider_m_xbip_pipe_v3_0_3_viv__parameterized309\
INFO: [VRFC 10-307] analyzing entity \AXI4_Stream_Divider_m_xbip_pipe_v3_0_3_viv__parameterized31\
INFO: [VRFC 10-307] analyzing entity \AXI4_Stream_Divider_m_xbip_pipe_v3_0_3_viv__parameterized31_16\
INFO: [VRFC 10-307] analyzing entity \AXI4_Stream_Divider_m_xbip_pipe_v3_0_3_viv__parameterized31_21\
INFO: [VRFC 10-307] analyzing entity \AXI4_Stream_Divider_m_xbip_pipe_v3_0_3_viv__parameterized31_26\
INFO: [VRFC 10-307] analyzing entity \AXI4_Stream_Divider_m_xbip_pipe_v3_0_3_viv__parameterized31_31\
INFO: [VRFC 10-307] analyzing entity \AXI4_Stream_Divider_m_xbip_pipe_v3_0_3_viv__parameterized31_36\
INFO: [VRFC 10-307] analyzing entity \AXI4_Stream_Divider_m_xbip_pipe_v3_0_3_viv__parameterized31_41\
INFO: [VRFC 10-307] analyzing entity \AXI4_Stream_Divider_m_xbip_pipe_v3_0_3_viv__parameterized31_46\
INFO: [VRFC 10-307] analyzing entity \AXI4_Stream_Divider_m_xbip_pipe_v3_0_3_viv__parameterized31_51\
INFO: [VRFC 10-307] analyzing entity \AXI4_Stream_Divider_m_xbip_pipe_v3_0_3_viv__parameterized31_56\
INFO: [VRFC 10-307] analyzing entity \AXI4_Stream_Divider_m_xbip_pipe_v3_0_3_viv__parameterized31_61\
INFO: [VRFC 10-307] analyzing entity \AXI4_Stream_Divider_m_xbip_pipe_v3_0_3_viv__parameterized31_66\
INFO: [VRFC 10-307] analyzing entity \AXI4_Stream_Divider_m_xbip_pipe_v3_0_3_viv__parameterized31_71\
INFO: [VRFC 10-307] analyzing entity \AXI4_Stream_Divider_m_xbip_pipe_v3_0_3_viv__parameterized33\
INFO: [VRFC 10-307] analyzing entity \AXI4_Stream_Divider_m_xbip_pipe_v3_0_3_viv__parameterized33_15\
INFO: [VRFC 10-307] analyzing entity \AXI4_Stream_Divider_m_xbip_pipe_v3_0_3_viv__parameterized33_20\
INFO: [VRFC 10-307] analyzing entity \AXI4_Stream_Divider_m_xbip_pipe_v3_0_3_viv__parameterized33_25\
INFO: [VRFC 10-307] analyzing entity \AXI4_Stream_Divider_m_xbip_pipe_v3_0_3_viv__parameterized33_30\
INFO: [VRFC 10-307] analyzing entity \AXI4_Stream_Divider_m_xbip_pipe_v3_0_3_viv__parameterized33_35\
INFO: [VRFC 10-307] analyzing entity \AXI4_Stream_Divider_m_xbip_pipe_v3_0_3_viv__parameterized33_40\
INFO: [VRFC 10-307] analyzing entity \AXI4_Stream_Divider_m_xbip_pipe_v3_0_3_viv__parameterized33_45\
INFO: [VRFC 10-307] analyzing entity \AXI4_Stream_Divider_m_xbip_pipe_v3_0_3_viv__parameterized33_50\
INFO: [VRFC 10-307] analyzing entity \AXI4_Stream_Divider_m_xbip_pipe_v3_0_3_viv__parameterized33_55\
INFO: [VRFC 10-307] analyzing entity \AXI4_Stream_Divider_m_xbip_pipe_v3_0_3_viv__parameterized33_60\
INFO: [VRFC 10-307] analyzing entity \AXI4_Stream_Divider_m_xbip_pipe_v3_0_3_viv__parameterized33_65\
INFO: [VRFC 10-307] analyzing entity \AXI4_Stream_Divider_m_xbip_pipe_v3_0_3_viv__parameterized33_70\
INFO: [VRFC 10-307] analyzing entity \AXI4_Stream_Divider_m_xbip_pipe_v3_0_3_viv__parameterized35\
INFO: [VRFC 10-307] analyzing entity \AXI4_Stream_Divider_m_xbip_pipe_v3_0_3_viv__parameterized37\
INFO: [VRFC 10-307] analyzing entity \AXI4_Stream_Divider_m_xbip_pipe_v3_0_3_viv__parameterized39\
INFO: [VRFC 10-307] analyzing entity \AXI4_Stream_Divider_m_xbip_pipe_v3_0_3_viv__parameterized41\
INFO: [VRFC 10-307] analyzing entity \AXI4_Stream_Divider_m_xbip_pipe_v3_0_3_viv__parameterized43\
INFO: [VRFC 10-307] analyzing entity \AXI4_Stream_Divider_m_xbip_pipe_v3_0_3_viv__parameterized45\
INFO: [VRFC 10-307] analyzing entity \AXI4_Stream_Divider_m_xbip_pipe_v3_0_3_viv__parameterized47\
INFO: [VRFC 10-307] analyzing entity \AXI4_Stream_Divider_m_xbip_pipe_v3_0_3_viv__parameterized49\
INFO: [VRFC 10-307] analyzing entity \AXI4_Stream_Divider_m_xbip_pipe_v3_0_3_viv__parameterized5\
INFO: [VRFC 10-307] analyzing entity \AXI4_Stream_Divider_m_xbip_pipe_v3_0_3_viv__parameterized51\
INFO: [VRFC 10-307] analyzing entity \AXI4_Stream_Divider_m_xbip_pipe_v3_0_3_viv__parameterized53\
INFO: [VRFC 10-307] analyzing entity \AXI4_Stream_Divider_m_xbip_pipe_v3_0_3_viv__parameterized55\
INFO: [VRFC 10-307] analyzing entity \AXI4_Stream_Divider_m_xbip_pipe_v3_0_3_viv__parameterized57\
INFO: [VRFC 10-307] analyzing entity \AXI4_Stream_Divider_m_xbip_pipe_v3_0_3_viv__parameterized59\
INFO: [VRFC 10-307] analyzing entity \AXI4_Stream_Divider_m_xbip_pipe_v3_0_3_viv__parameterized61\
INFO: [VRFC 10-307] analyzing entity \AXI4_Stream_Divider_m_xbip_pipe_v3_0_3_viv__parameterized63\
INFO: [VRFC 10-307] analyzing entity \AXI4_Stream_Divider_m_xbip_pipe_v3_0_3_viv__parameterized65\
INFO: [VRFC 10-307] analyzing entity \AXI4_Stream_Divider_m_xbip_pipe_v3_0_3_viv__parameterized67\
INFO: [VRFC 10-307] analyzing entity \AXI4_Stream_Divider_m_xbip_pipe_v3_0_3_viv__parameterized69\
INFO: [VRFC 10-307] analyzing entity \AXI4_Stream_Divider_m_xbip_pipe_v3_0_3_viv__parameterized7\
INFO: [VRFC 10-307] analyzing entity \AXI4_Stream_Divider_m_xbip_pipe_v3_0_3_viv__parameterized71\
INFO: [VRFC 10-307] analyzing entity \AXI4_Stream_Divider_m_xbip_pipe_v3_0_3_viv__parameterized73\
INFO: [VRFC 10-307] analyzing entity \AXI4_Stream_Divider_m_xbip_pipe_v3_0_3_viv__parameterized75\
INFO: [VRFC 10-307] analyzing entity \AXI4_Stream_Divider_m_xbip_pipe_v3_0_3_viv__parameterized77\
INFO: [VRFC 10-307] analyzing entity \AXI4_Stream_Divider_m_xbip_pipe_v3_0_3_viv__parameterized79\
INFO: [VRFC 10-307] analyzing entity \AXI4_Stream_Divider_m_xbip_pipe_v3_0_3_viv__parameterized81\
INFO: [VRFC 10-307] analyzing entity \AXI4_Stream_Divider_m_xbip_pipe_v3_0_3_viv__parameterized83\
INFO: [VRFC 10-307] analyzing entity \AXI4_Stream_Divider_m_xbip_pipe_v3_0_3_viv__parameterized85\
INFO: [VRFC 10-307] analyzing entity \AXI4_Stream_Divider_m_xbip_pipe_v3_0_3_viv__parameterized87\
INFO: [VRFC 10-307] analyzing entity \AXI4_Stream_Divider_m_xbip_pipe_v3_0_3_viv__parameterized89\
INFO: [VRFC 10-307] analyzing entity \AXI4_Stream_Divider_m_xbip_pipe_v3_0_3_viv__parameterized9\
INFO: [VRFC 10-307] analyzing entity \AXI4_Stream_Divider_m_xbip_pipe_v3_0_3_viv__parameterized91\
INFO: [VRFC 10-307] analyzing entity \AXI4_Stream_Divider_m_xbip_pipe_v3_0_3_viv__parameterized93\
INFO: [VRFC 10-307] analyzing entity \AXI4_Stream_Divider_m_xbip_pipe_v3_0_3_viv__parameterized95\
INFO: [VRFC 10-307] analyzing entity \AXI4_Stream_Divider_m_xbip_pipe_v3_0_3_viv__parameterized97\
INFO: [VRFC 10-307] analyzing entity \AXI4_Stream_Divider_m_xbip_pipe_v3_0_3_viv__parameterized99\
INFO: [VRFC 10-307] analyzing entity abs_sqr_operative_part_m
INFO: [VRFC 10-307] analyzing entity abs_sqr_operative_part_m_3
INFO: [VRFC 10-307] analyzing entity AXI4_Stream_Divider_m_c_addsub_lut6
INFO: [VRFC 10-307] analyzing entity AXI4_Stream_Divider_m_c_addsub_lut6_13
INFO: [VRFC 10-307] analyzing entity AXI4_Stream_Divider_m_c_addsub_lut6_18
INFO: [VRFC 10-307] analyzing entity AXI4_Stream_Divider_m_c_addsub_lut6_23
INFO: [VRFC 10-307] analyzing entity AXI4_Stream_Divider_m_c_addsub_lut6_28
INFO: [VRFC 10-307] analyzing entity AXI4_Stream_Divider_m_c_addsub_lut6_33
INFO: [VRFC 10-307] analyzing entity AXI4_Stream_Divider_m_c_addsub_lut6_38
INFO: [VRFC 10-307] analyzing entity AXI4_Stream_Divider_m_c_addsub_lut6_43
INFO: [VRFC 10-307] analyzing entity AXI4_Stream_Divider_m_c_addsub_lut6_48
INFO: [VRFC 10-307] analyzing entity AXI4_Stream_Divider_m_c_addsub_lut6_53
INFO: [VRFC 10-307] analyzing entity AXI4_Stream_Divider_m_c_addsub_lut6_58
INFO: [VRFC 10-307] analyzing entity AXI4_Stream_Divider_m_c_addsub_lut6_63
INFO: [VRFC 10-307] analyzing entity AXI4_Stream_Divider_m_c_addsub_lut6_68
INFO: [VRFC 10-307] analyzing entity AXI4_Stream_Divider_m_glb_ifx_master
INFO: [VRFC 10-307] analyzing entity AXI4_Stream_Absolute_Square_m
INFO: [VRFC 10-307] analyzing entity AXI4_Stream_Absolute_Square_m_0
INFO: [VRFC 10-307] analyzing entity AXI4_Stream_Divider_m_c_addsub_viv
INFO: [VRFC 10-307] analyzing entity AXI4_Stream_Divider_m_c_addsub_viv_12
INFO: [VRFC 10-307] analyzing entity AXI4_Stream_Divider_m_c_addsub_viv_17
INFO: [VRFC 10-307] analyzing entity AXI4_Stream_Divider_m_c_addsub_viv_22
INFO: [VRFC 10-307] analyzing entity AXI4_Stream_Divider_m_c_addsub_viv_27
INFO: [VRFC 10-307] analyzing entity AXI4_Stream_Divider_m_c_addsub_viv_32
INFO: [VRFC 10-307] analyzing entity AXI4_Stream_Divider_m_c_addsub_viv_37
INFO: [VRFC 10-307] analyzing entity AXI4_Stream_Divider_m_c_addsub_viv_42
INFO: [VRFC 10-307] analyzing entity AXI4_Stream_Divider_m_c_addsub_viv_47
INFO: [VRFC 10-307] analyzing entity AXI4_Stream_Divider_m_c_addsub_viv_52
INFO: [VRFC 10-307] analyzing entity AXI4_Stream_Divider_m_c_addsub_viv_57
INFO: [VRFC 10-307] analyzing entity AXI4_Stream_Divider_m_c_addsub_viv_62
INFO: [VRFC 10-307] analyzing entity AXI4_Stream_Divider_m_c_addsub_viv_67
INFO: [VRFC 10-307] analyzing entity AXI4_Stream_Divider_m_addsubreg_v
INFO: [VRFC 10-307] analyzing entity AXI4_Stream_Divider_m_addsubreg_v_0
INFO: [VRFC 10-307] analyzing entity AXI4_Stream_Divider_m_addsubreg_v_1
INFO: [VRFC 10-307] analyzing entity AXI4_Stream_Divider_m_addsubreg_v_10
INFO: [VRFC 10-307] analyzing entity AXI4_Stream_Divider_m_addsubreg_v_11
INFO: [VRFC 10-307] analyzing entity AXI4_Stream_Divider_m_addsubreg_v_2
INFO: [VRFC 10-307] analyzing entity AXI4_Stream_Divider_m_addsubreg_v_3
INFO: [VRFC 10-307] analyzing entity AXI4_Stream_Divider_m_addsubreg_v_4
INFO: [VRFC 10-307] analyzing entity AXI4_Stream_Divider_m_addsubreg_v_5
INFO: [VRFC 10-307] analyzing entity AXI4_Stream_Divider_m_addsubreg_v_6
INFO: [VRFC 10-307] analyzing entity AXI4_Stream_Divider_m_addsubreg_v_7
INFO: [VRFC 10-307] analyzing entity AXI4_Stream_Divider_m_addsubreg_v_8
INFO: [VRFC 10-307] analyzing entity AXI4_Stream_Divider_m_addsubreg_v_9
INFO: [VRFC 10-307] analyzing entity AXI4_Stream_Divider_m_dividervdc_v
INFO: [VRFC 10-307] analyzing entity AXI4_Stream_Divider_m_bip_sdivider_synth
INFO: [VRFC 10-307] analyzing entity AXI4_Stream_Divider_m_div_gen_synth
INFO: [VRFC 10-307] analyzing entity AXI4_Stream_Divider_m_div_gen_v5_1_11_viv
INFO: [VRFC 10-307] analyzing entity AXI4_Stream_Divider_m_div_gen_v5_1_11
INFO: [VRFC 10-307] analyzing entity AXI4_Stream_Divider_m
INFO: [VRFC 10-307] analyzing entity Task4_m
INFO: [VRFC 10-163] Analyzing VHDL file "/home/daniele/Sistemi_Embedded/Final_project/versione 3 - sqrt daniele/project_Task4/project_Task4.srcs/sim_1/new/Task4_tb.vhd" into library xil_defaultlib
INFO: [VRFC 10-307] analyzing entity Task4_tb
