
*** Running vivado
    with args -log AXI4_Stream_Divider_m.vds -m64 -product Vivado -mode batch -messageDb vivado.pb -notrace -source AXI4_Stream_Divider_m.tcl

awk: symbol lookup error: awk: undefined symbol: mpfr_z_sub

****** Vivado v2016.4 (64-bit)
  **** SW Build 1756540 on Mon Jan 23 19:11:19 MST 2017
  **** IP Build 1755317 on Mon Jan 23 20:30:07 MST 2017
    ** Copyright 1986-2016 Xilinx, Inc. All Rights Reserved.

source AXI4_Stream_Divider_m.tcl -notrace
awk: symbol lookup error: awk: undefined symbol: mpfr_z_sub
Starting RTL Elaboration : Time (s): cpu = 00:00:07 ; elapsed = 00:00:07 . Memory (MB): peak = 1073.559 ; gain = 143.086 ; free physical = 12019 ; free virtual = 13783
INFO: [Synth 8-638] synthesizing module 'AXI4_Stream_Divider_m' [/home/daniele/Scrivania/Task4/project_Task4_v2.1/project_Task4.srcs/sources_1/ip/AXI4_Stream_Divider_m/synth/AXI4_Stream_Divider_m.vhd:75]
INFO: [Synth 8-256] done synthesizing module 'AXI4_Stream_Divider_m' (13#1) [/home/daniele/Scrivania/Task4/project_Task4_v2.1/project_Task4.srcs/sources_1/ip/AXI4_Stream_Divider_m/synth/AXI4_Stream_Divider_m.vhd:75]
Finished RTL Elaboration : Time (s): cpu = 00:00:12 ; elapsed = 00:00:12 . Memory (MB): peak = 1172.027 ; gain = 241.555 ; free physical = 11916 ; free virtual = 13683
Finished RTL Optimization Phase 1 : Time (s): cpu = 00:00:12 ; elapsed = 00:00:13 . Memory (MB): peak = 1172.027 ; gain = 241.555 ; free physical = 11917 ; free virtual = 13684
INFO: [Device 21-403] Loading part xc7z010clg400-1
Constraint Validation Runtime : Time (s): cpu = 00:00:00.16 ; elapsed = 00:00:00.10 . Memory (MB): peak = 1504.895 ; gain = 2.000 ; free physical = 11724 ; free virtual = 13537
Finished Constraint Validation : Time (s): cpu = 00:00:22 ; elapsed = 00:00:25 . Memory (MB): peak = 1504.895 ; gain = 574.422 ; free physical = 11723 ; free virtual = 13537
Finished Loading Part and Timing Information : Time (s): cpu = 00:00:22 ; elapsed = 00:00:25 . Memory (MB): peak = 1504.895 ; gain = 574.422 ; free physical = 11723 ; free virtual = 13537
Finished applying 'set_property' XDC Constraints : Time (s): cpu = 00:00:22 ; elapsed = 00:00:25 . Memory (MB): peak = 1504.895 ; gain = 574.422 ; free physical = 11723 ; free virtual = 13537
Finished RTL Optimization Phase 2 : Time (s): cpu = 00:00:24 ; elapsed = 00:00:27 . Memory (MB): peak = 1504.895 ; gain = 574.422 ; free physical = 11727 ; free virtual = 13540
Finished Cross Boundary and Area Optimization : Time (s): cpu = 00:00:28 ; elapsed = 00:00:30 . Memory (MB): peak = 1504.895 ; gain = 574.422 ; free physical = 11691 ; free virtual = 13506
Finished Applying XDC Timing Constraints : Time (s): cpu = 00:00:35 ; elapsed = 00:00:38 . Memory (MB): peak = 1504.895 ; gain = 574.422 ; free physical = 11654 ; free virtual = 13477
Finished Timing Optimization : Time (s): cpu = 00:00:37 ; elapsed = 00:00:40 . Memory (MB): peak = 1504.895 ; gain = 574.422 ; free physical = 11599 ; free virtual = 13422
Finished Technology Mapping : Time (s): cpu = 00:00:38 ; elapsed = 00:00:41 . Memory (MB): peak = 1507.590 ; gain = 577.117 ; free physical = 11593 ; free virtual = 13415
Finished IO Insertion : Time (s): cpu = 00:00:39 ; elapsed = 00:00:42 . Memory (MB): peak = 1507.590 ; gain = 577.117 ; free physical = 11591 ; free virtual = 13414
Finished Renaming Generated Instances : Time (s): cpu = 00:00:39 ; elapsed = 00:00:42 . Memory (MB): peak = 1507.590 ; gain = 577.117 ; free physical = 11591 ; free virtual = 13414
Finished Rebuilding User Hierarchy : Time (s): cpu = 00:00:40 ; elapsed = 00:00:43 . Memory (MB): peak = 1507.590 ; gain = 577.117 ; free physical = 11591 ; free virtual = 13414
Finished Renaming Generated Ports : Time (s): cpu = 00:00:40 ; elapsed = 00:00:43 . Memory (MB): peak = 1507.590 ; gain = 577.117 ; free physical = 11591 ; free virtual = 13414
Finished Handling Custom Attributes : Time (s): cpu = 00:00:40 ; elapsed = 00:00:43 . Memory (MB): peak = 1507.590 ; gain = 577.117 ; free physical = 11591 ; free virtual = 13414
Finished Renaming Generated Nets : Time (s): cpu = 00:00:40 ; elapsed = 00:00:43 . Memory (MB): peak = 1507.590 ; gain = 577.117 ; free physical = 11591 ; free virtual = 13414

Report Cell Usage: 
+------+--------+------+
|      |Cell    |Count |
+------+--------+------+
|1     |LUT1    |    88|
|2     |LUT2    |    30|
|3     |LUT3    |   904|
|4     |LUT4    |   662|
|5     |LUT5    |     3|
|6     |LUT6    |    26|
|7     |MUXCY   |   715|
|8     |MUXF7   |     8|
|9     |SRL16E  |    86|
|10    |SRLC32E |     3|
|11    |XORCY   |   715|
|12    |FDRE    |  2344|
|13    |FDSE    |  1462|
+------+--------+------+
Finished Writing Synthesis Report : Time (s): cpu = 00:00:40 ; elapsed = 00:00:43 . Memory (MB): peak = 1507.590 ; gain = 577.117 ; free physical = 11591 ; free virtual = 13414
synth_design: Time (s): cpu = 00:00:44 ; elapsed = 00:00:47 . Memory (MB): peak = 1539.605 ; gain = 541.629 ; free physical = 11589 ; free virtual = 13415
