
*** Running vivado
    with args -log c_addsub_0.vds -m64 -product Vivado -mode batch -messageDb vivado.pb -notrace -source c_addsub_0.tcl

awk: symbol lookup error: awk: undefined symbol: mpfr_z_sub

****** Vivado v2016.4 (64-bit)
  **** SW Build 1756540 on Mon Jan 23 19:11:19 MST 2017
  **** IP Build 1755317 on Mon Jan 23 20:30:07 MST 2017
    ** Copyright 1986-2016 Xilinx, Inc. All Rights Reserved.

source c_addsub_0.tcl -notrace
awk: symbol lookup error: awk: undefined symbol: mpfr_z_sub
Starting RTL Elaboration : Time (s): cpu = 00:00:06 ; elapsed = 00:00:07 . Memory (MB): peak = 1072.562 ; gain = 142.086 ; free physical = 8814 ; free virtual = 12349
INFO: [Synth 8-638] synthesizing module 'c_addsub_0' [/home/daniele/Sistemi_Embedded/Final_project/versione 3 - sqrt daniele/project_Task4/project_Task4.srcs/sources_1/ip/c_addsub_0/synth/c_addsub_0.vhd:68]
INFO: [Synth 8-256] done synthesizing module 'c_addsub_0' (7#1) [/home/daniele/Sistemi_Embedded/Final_project/versione 3 - sqrt daniele/project_Task4/project_Task4.srcs/sources_1/ip/c_addsub_0/synth/c_addsub_0.vhd:68]
Finished RTL Elaboration : Time (s): cpu = 00:00:08 ; elapsed = 00:00:08 . Memory (MB): peak = 1118.031 ; gain = 187.555 ; free physical = 8635 ; free virtual = 12170
Finished RTL Optimization Phase 1 : Time (s): cpu = 00:00:08 ; elapsed = 00:00:08 . Memory (MB): peak = 1118.031 ; gain = 187.555 ; free physical = 8625 ; free virtual = 12160
INFO: [Device 21-403] Loading part xc7z010clg400-1
Constraint Validation Runtime : Time (s): cpu = 00:00:00.02 ; elapsed = 00:00:00.05 . Memory (MB): peak = 1463.211 ; gain = 0.000 ; free physical = 8242 ; free virtual = 11779
Finished Constraint Validation : Time (s): cpu = 00:00:17 ; elapsed = 00:00:18 . Memory (MB): peak = 1463.211 ; gain = 532.734 ; free physical = 8061 ; free virtual = 11598
Finished Loading Part and Timing Information : Time (s): cpu = 00:00:17 ; elapsed = 00:00:18 . Memory (MB): peak = 1463.211 ; gain = 532.734 ; free physical = 8061 ; free virtual = 11598
Finished applying 'set_property' XDC Constraints : Time (s): cpu = 00:00:17 ; elapsed = 00:00:18 . Memory (MB): peak = 1463.211 ; gain = 532.734 ; free physical = 8061 ; free virtual = 11598
Finished RTL Optimization Phase 2 : Time (s): cpu = 00:00:17 ; elapsed = 00:00:18 . Memory (MB): peak = 1463.211 ; gain = 532.734 ; free physical = 8055 ; free virtual = 11592
Finished Cross Boundary and Area Optimization : Time (s): cpu = 00:00:18 ; elapsed = 00:00:18 . Memory (MB): peak = 1463.211 ; gain = 532.734 ; free physical = 8047 ; free virtual = 11584
Finished Applying XDC Timing Constraints : Time (s): cpu = 00:00:25 ; elapsed = 00:00:26 . Memory (MB): peak = 1463.211 ; gain = 532.734 ; free physical = 7744 ; free virtual = 11279
Finished Timing Optimization : Time (s): cpu = 00:00:25 ; elapsed = 00:00:26 . Memory (MB): peak = 1463.211 ; gain = 532.734 ; free physical = 7744 ; free virtual = 11279
Finished Technology Mapping : Time (s): cpu = 00:00:25 ; elapsed = 00:00:26 . Memory (MB): peak = 1463.211 ; gain = 532.734 ; free physical = 7744 ; free virtual = 11279
Finished IO Insertion : Time (s): cpu = 00:00:26 ; elapsed = 00:00:26 . Memory (MB): peak = 1463.211 ; gain = 532.734 ; free physical = 7743 ; free virtual = 11279
Finished Renaming Generated Instances : Time (s): cpu = 00:00:26 ; elapsed = 00:00:26 . Memory (MB): peak = 1463.211 ; gain = 532.734 ; free physical = 7743 ; free virtual = 11279
Finished Rebuilding User Hierarchy : Time (s): cpu = 00:00:26 ; elapsed = 00:00:26 . Memory (MB): peak = 1463.211 ; gain = 532.734 ; free physical = 7743 ; free virtual = 11279
Finished Renaming Generated Ports : Time (s): cpu = 00:00:26 ; elapsed = 00:00:26 . Memory (MB): peak = 1463.211 ; gain = 532.734 ; free physical = 7743 ; free virtual = 11279
Finished Handling Custom Attributes : Time (s): cpu = 00:00:26 ; elapsed = 00:00:26 . Memory (MB): peak = 1463.211 ; gain = 532.734 ; free physical = 7743 ; free virtual = 11279
Finished Renaming Generated Nets : Time (s): cpu = 00:00:26 ; elapsed = 00:00:26 . Memory (MB): peak = 1463.211 ; gain = 532.734 ; free physical = 7743 ; free virtual = 11279

Report Cell Usage: 
+------+------+------+
|      |Cell  |Count |
+------+------+------+
|1     |LUT2  |    63|
|2     |MUXCY |    63|
|3     |XORCY |    64|
|4     |FDRE  |    64|
+------+------+------+
Finished Writing Synthesis Report : Time (s): cpu = 00:00:26 ; elapsed = 00:00:26 . Memory (MB): peak = 1463.211 ; gain = 532.734 ; free physical = 7743 ; free virtual = 11279
synth_design: Time (s): cpu = 00:00:25 ; elapsed = 00:00:25 . Memory (MB): peak = 1463.211 ; gain = 465.230 ; free physical = 7733 ; free virtual = 11269
