
*** Running vivado
    with args -log AXI4_Stream_Divider_m.vds -m64 -product Vivado -mode batch -messageDb vivado.pb -notrace -source AXI4_Stream_Divider_m.tcl

awk: symbol lookup error: awk: undefined symbol: mpfr_z_sub

****** Vivado v2016.4 (64-bit)
  **** SW Build 1756540 on Mon Jan 23 19:11:19 MST 2017
  **** IP Build 1755317 on Mon Jan 23 20:30:07 MST 2017
    ** Copyright 1986-2016 Xilinx, Inc. All Rights Reserved.

source AXI4_Stream_Divider_m.tcl -notrace
awk: symbol lookup error: awk: undefined symbol: mpfr_z_sub
Starting RTL Elaboration : Time (s): cpu = 00:00:07 ; elapsed = 00:00:07 . Memory (MB): peak = 1073.566 ; gain = 143.086 ; free physical = 7363 ; free virtual = 11613
INFO: [Synth 8-638] synthesizing module 'AXI4_Stream_Divider_m' [/home/daniele/Sistemi_Embedded/Final_project/versione 3 - sqrt daniele/project_Task4/project_Task4.srcs/sources_1/ip/AXI4_Stream_Divider_m/synth/AXI4_Stream_Divider_m.vhd:75]
INFO: [Synth 8-256] done synthesizing module 'AXI4_Stream_Divider_m' (13#1) [/home/daniele/Sistemi_Embedded/Final_project/versione 3 - sqrt daniele/project_Task4/project_Task4.srcs/sources_1/ip/AXI4_Stream_Divider_m/synth/AXI4_Stream_Divider_m.vhd:75]
Finished RTL Elaboration : Time (s): cpu = 00:00:12 ; elapsed = 00:00:13 . Memory (MB): peak = 1177.035 ; gain = 246.555 ; free physical = 7262 ; free virtual = 11513
Finished RTL Optimization Phase 1 : Time (s): cpu = 00:00:13 ; elapsed = 00:00:13 . Memory (MB): peak = 1177.035 ; gain = 246.555 ; free physical = 7262 ; free virtual = 11513
INFO: [Device 21-403] Loading part xc7z010clg400-1
Constraint Validation Runtime : Time (s): cpu = 00:00:00.18 ; elapsed = 00:00:00.08 . Memory (MB): peak = 1509.902 ; gain = 3.000 ; free physical = 7109 ; free virtual = 11360
Finished Constraint Validation : Time (s): cpu = 00:00:23 ; elapsed = 00:00:23 . Memory (MB): peak = 1509.902 ; gain = 579.422 ; free physical = 7105 ; free virtual = 11356
Finished Loading Part and Timing Information : Time (s): cpu = 00:00:23 ; elapsed = 00:00:23 . Memory (MB): peak = 1509.902 ; gain = 579.422 ; free physical = 7105 ; free virtual = 11356
Finished applying 'set_property' XDC Constraints : Time (s): cpu = 00:00:23 ; elapsed = 00:00:23 . Memory (MB): peak = 1509.902 ; gain = 579.422 ; free physical = 7105 ; free virtual = 11356
Finished RTL Optimization Phase 2 : Time (s): cpu = 00:00:25 ; elapsed = 00:00:26 . Memory (MB): peak = 1509.902 ; gain = 579.422 ; free physical = 7099 ; free virtual = 11350
Finished Cross Boundary and Area Optimization : Time (s): cpu = 00:00:29 ; elapsed = 00:00:29 . Memory (MB): peak = 1509.902 ; gain = 579.422 ; free physical = 7066 ; free virtual = 11317
Finished Applying XDC Timing Constraints : Time (s): cpu = 00:00:36 ; elapsed = 00:00:37 . Memory (MB): peak = 1509.902 ; gain = 579.422 ; free physical = 7050 ; free virtual = 11301
Finished Timing Optimization : Time (s): cpu = 00:00:37 ; elapsed = 00:00:38 . Memory (MB): peak = 1509.902 ; gain = 579.422 ; free physical = 7031 ; free virtual = 11283
Finished Technology Mapping : Time (s): cpu = 00:00:39 ; elapsed = 00:00:40 . Memory (MB): peak = 1509.902 ; gain = 579.422 ; free physical = 7005 ; free virtual = 11256
Finished IO Insertion : Time (s): cpu = 00:00:40 ; elapsed = 00:00:41 . Memory (MB): peak = 1509.902 ; gain = 579.422 ; free physical = 7005 ; free virtual = 11256
Finished Renaming Generated Instances : Time (s): cpu = 00:00:40 ; elapsed = 00:00:41 . Memory (MB): peak = 1509.902 ; gain = 579.422 ; free physical = 7005 ; free virtual = 11256
Finished Rebuilding User Hierarchy : Time (s): cpu = 00:00:41 ; elapsed = 00:00:42 . Memory (MB): peak = 1509.902 ; gain = 579.422 ; free physical = 7005 ; free virtual = 11256
Finished Renaming Generated Ports : Time (s): cpu = 00:00:41 ; elapsed = 00:00:42 . Memory (MB): peak = 1509.902 ; gain = 579.422 ; free physical = 7005 ; free virtual = 11256
Finished Handling Custom Attributes : Time (s): cpu = 00:00:42 ; elapsed = 00:00:42 . Memory (MB): peak = 1509.902 ; gain = 579.422 ; free physical = 7005 ; free virtual = 11256
Finished Renaming Generated Nets : Time (s): cpu = 00:00:42 ; elapsed = 00:00:42 . Memory (MB): peak = 1509.902 ; gain = 579.422 ; free physical = 7005 ; free virtual = 11256

Report Cell Usage: 
+------+--------+------+
|      |Cell    |Count |
+------+--------+------+
|1     |LUT1    |   106|
|2     |LUT2    |    33|
|3     |LUT3    |  1032|
|4     |LUT4    |   794|
|5     |LUT5    |     3|
|6     |LUT6    |    26|
|7     |MUXCY   |   845|
|8     |MUXF7   |     8|
|9     |SRL16E  |   104|
|10    |SRLC32E |     4|
|11    |XORCY   |   845|
|12    |FDRE    |  2662|
|13    |FDSE    |  1812|
+------+--------+------+
Finished Writing Synthesis Report : Time (s): cpu = 00:00:42 ; elapsed = 00:00:42 . Memory (MB): peak = 1509.902 ; gain = 579.422 ; free physical = 7005 ; free virtual = 11256
synth_design: Time (s): cpu = 00:00:47 ; elapsed = 00:00:47 . Memory (MB): peak = 1533.051 ; gain = 535.066 ; free physical = 7000 ; free virtual = 11251
