
*** Running vivado
    with args -log SQRT.vds -m64 -product Vivado -mode batch -messageDb vivado.pb -notrace -source SQRT.tcl

awk: symbol lookup error: awk: undefined symbol: mpfr_z_sub

****** Vivado v2016.4 (64-bit)
  **** SW Build 1756540 on Mon Jan 23 19:11:19 MST 2017
  **** IP Build 1755317 on Mon Jan 23 20:30:07 MST 2017
    ** Copyright 1986-2016 Xilinx, Inc. All Rights Reserved.

source SQRT.tcl -notrace
awk: symbol lookup error: awk: undefined symbol: mpfr_z_sub
Starting RTL Elaboration : Time (s): cpu = 00:00:07 ; elapsed = 00:00:07 . Memory (MB): peak = 1073.562 ; gain = 143.086 ; free physical = 8775 ; free virtual = 12310
INFO: [Synth 8-638] synthesizing module 'SQRT' [/home/daniele/Sistemi_Embedded/Final_project/versione 3 - sqrt daniele/project_Task4/project_Task4.srcs/sources_1/ip/SQRT/synth/SQRT.vhd:71]
INFO: [Synth 8-256] done synthesizing module 'SQRT' (17#1) [/home/daniele/Sistemi_Embedded/Final_project/versione 3 - sqrt daniele/project_Task4/project_Task4.srcs/sources_1/ip/SQRT/synth/SQRT.vhd:71]
Finished RTL Elaboration : Time (s): cpu = 00:00:19 ; elapsed = 00:00:19 . Memory (MB): peak = 1158.031 ; gain = 227.555 ; free physical = 7974 ; free virtual = 11511
Finished RTL Optimization Phase 1 : Time (s): cpu = 00:00:19 ; elapsed = 00:00:19 . Memory (MB): peak = 1158.031 ; gain = 227.555 ; free physical = 7951 ; free virtual = 11489
INFO: [Device 21-403] Loading part xc7z010clg400-1
Constraint Validation Runtime : Time (s): cpu = 00:00:00.07 ; elapsed = 00:00:00.04 . Memory (MB): peak = 1499.211 ; gain = 1.000 ; free physical = 7744 ; free virtual = 11280
Finished Constraint Validation : Time (s): cpu = 00:00:29 ; elapsed = 00:00:29 . Memory (MB): peak = 1499.211 ; gain = 568.734 ; free physical = 8225 ; free virtual = 11763
Finished Loading Part and Timing Information : Time (s): cpu = 00:00:29 ; elapsed = 00:00:29 . Memory (MB): peak = 1499.211 ; gain = 568.734 ; free physical = 8225 ; free virtual = 11763
Finished applying 'set_property' XDC Constraints : Time (s): cpu = 00:00:29 ; elapsed = 00:00:29 . Memory (MB): peak = 1499.211 ; gain = 568.734 ; free physical = 8225 ; free virtual = 11763
Finished RTL Optimization Phase 2 : Time (s): cpu = 00:00:31 ; elapsed = 00:00:31 . Memory (MB): peak = 1499.211 ; gain = 568.734 ; free physical = 8220 ; free virtual = 11758
Finished Cross Boundary and Area Optimization : Time (s): cpu = 00:00:32 ; elapsed = 00:00:33 . Memory (MB): peak = 1499.211 ; gain = 568.734 ; free physical = 8219 ; free virtual = 11757
Finished Applying XDC Timing Constraints : Time (s): cpu = 00:00:40 ; elapsed = 00:00:40 . Memory (MB): peak = 1499.211 ; gain = 568.734 ; free physical = 8654 ; free virtual = 12198
Finished Timing Optimization : Time (s): cpu = 00:00:40 ; elapsed = 00:00:41 . Memory (MB): peak = 1499.211 ; gain = 568.734 ; free physical = 8642 ; free virtual = 12186
Finished Technology Mapping : Time (s): cpu = 00:00:41 ; elapsed = 00:00:42 . Memory (MB): peak = 1499.211 ; gain = 568.734 ; free physical = 8627 ; free virtual = 12170
Finished IO Insertion : Time (s): cpu = 00:00:42 ; elapsed = 00:00:42 . Memory (MB): peak = 1499.211 ; gain = 568.734 ; free physical = 8626 ; free virtual = 12170
Finished Renaming Generated Instances : Time (s): cpu = 00:00:42 ; elapsed = 00:00:42 . Memory (MB): peak = 1499.211 ; gain = 568.734 ; free physical = 8626 ; free virtual = 12170
Finished Rebuilding User Hierarchy : Time (s): cpu = 00:00:42 ; elapsed = 00:00:42 . Memory (MB): peak = 1499.211 ; gain = 568.734 ; free physical = 8626 ; free virtual = 12170
Finished Renaming Generated Ports : Time (s): cpu = 00:00:42 ; elapsed = 00:00:42 . Memory (MB): peak = 1499.211 ; gain = 568.734 ; free physical = 8626 ; free virtual = 12170
Finished Handling Custom Attributes : Time (s): cpu = 00:00:42 ; elapsed = 00:00:43 . Memory (MB): peak = 1499.211 ; gain = 568.734 ; free physical = 8626 ; free virtual = 12170
Finished Renaming Generated Nets : Time (s): cpu = 00:00:42 ; elapsed = 00:00:43 . Memory (MB): peak = 1499.211 ; gain = 568.734 ; free physical = 8626 ; free virtual = 12170

Report Cell Usage: 
+------+--------+------+
|      |Cell    |Count |
+------+--------+------+
|1     |LUT1    |    94|
|2     |LUT2    |   307|
|3     |LUT3    |   367|
|4     |LUT4    |     2|
|5     |LUT5    |     3|
|6     |LUT6    |    11|
|7     |MUXCY   |   368|
|8     |SRL16E  |    57|
|9     |SRLC32E |    11|
|10    |XORCY   |   342|
|11    |FDRE    |   846|
+------+--------+------+
Finished Writing Synthesis Report : Time (s): cpu = 00:00:42 ; elapsed = 00:00:43 . Memory (MB): peak = 1499.211 ; gain = 568.734 ; free physical = 8626 ; free virtual = 12170
synth_design: Time (s): cpu = 00:00:42 ; elapsed = 00:00:42 . Memory (MB): peak = 1499.211 ; gain = 501.230 ; free physical = 8624 ; free virtual = 12168
