
*** Running vivado
    with args -log Square.vds -m64 -product Vivado -mode batch -messageDb vivado.pb -notrace -source Square.tcl

awk: symbol lookup error: awk: undefined symbol: mpfr_z_sub

****** Vivado v2016.4 (64-bit)
  **** SW Build 1756540 on Mon Jan 23 19:11:19 MST 2017
  **** IP Build 1755317 on Mon Jan 23 20:30:07 MST 2017
    ** Copyright 1986-2016 Xilinx, Inc. All Rights Reserved.

source Square.tcl -notrace
awk: symbol lookup error: awk: undefined symbol: mpfr_z_sub
Starting RTL Elaboration : Time (s): cpu = 00:00:07 ; elapsed = 00:00:07 . Memory (MB): peak = 1071.566 ; gain = 141.086 ; free physical = 8793 ; free virtual = 12328
INFO: [Synth 8-638] synthesizing module 'Square' [/home/daniele/Sistemi_Embedded/Final_project/versione 3 - sqrt daniele/project_Task4/project_Task4.srcs/sources_1/ip/Square/synth/Square.vhd:68]
INFO: [Synth 8-256] done synthesizing module 'Square' (5#1) [/home/daniele/Sistemi_Embedded/Final_project/versione 3 - sqrt daniele/project_Task4/project_Task4.srcs/sources_1/ip/Square/synth/Square.vhd:68]
Finished RTL Elaboration : Time (s): cpu = 00:00:11 ; elapsed = 00:00:11 . Memory (MB): peak = 1146.035 ; gain = 215.555 ; free physical = 8461 ; free virtual = 11997
Finished RTL Optimization Phase 1 : Time (s): cpu = 00:00:11 ; elapsed = 00:00:12 . Memory (MB): peak = 1146.035 ; gain = 215.555 ; free physical = 8449 ; free virtual = 11986
INFO: [Device 21-403] Loading part xc7z010clg400-1
Constraint Validation Runtime : Time (s): cpu = 00:00:00.02 ; elapsed = 00:00:00.03 . Memory (MB): peak = 1492.191 ; gain = 0.000 ; free physical = 8068 ; free virtual = 11605
Finished Constraint Validation : Time (s): cpu = 00:00:21 ; elapsed = 00:00:21 . Memory (MB): peak = 1492.191 ; gain = 561.711 ; free physical = 7927 ; free virtual = 11464
Finished Loading Part and Timing Information : Time (s): cpu = 00:00:21 ; elapsed = 00:00:21 . Memory (MB): peak = 1492.191 ; gain = 561.711 ; free physical = 7927 ; free virtual = 11464
Finished applying 'set_property' XDC Constraints : Time (s): cpu = 00:00:21 ; elapsed = 00:00:21 . Memory (MB): peak = 1492.191 ; gain = 561.711 ; free physical = 7927 ; free virtual = 11464
Finished RTL Optimization Phase 2 : Time (s): cpu = 00:00:25 ; elapsed = 00:00:25 . Memory (MB): peak = 1492.191 ; gain = 561.711 ; free physical = 7744 ; free virtual = 11279
Finished Cross Boundary and Area Optimization : Time (s): cpu = 00:00:27 ; elapsed = 00:00:27 . Memory (MB): peak = 1492.191 ; gain = 561.711 ; free physical = 7733 ; free virtual = 11269
Finished Applying XDC Timing Constraints : Time (s): cpu = 00:00:35 ; elapsed = 00:00:35 . Memory (MB): peak = 1492.191 ; gain = 561.711 ; free physical = 8199 ; free virtual = 11737
Finished Timing Optimization : Time (s): cpu = 00:00:35 ; elapsed = 00:00:35 . Memory (MB): peak = 1492.191 ; gain = 561.711 ; free physical = 8195 ; free virtual = 11733
Finished Technology Mapping : Time (s): cpu = 00:00:35 ; elapsed = 00:00:36 . Memory (MB): peak = 1492.191 ; gain = 561.711 ; free physical = 8159 ; free virtual = 11697
Finished IO Insertion : Time (s): cpu = 00:00:36 ; elapsed = 00:00:36 . Memory (MB): peak = 1492.191 ; gain = 561.711 ; free physical = 8156 ; free virtual = 11694
Finished Renaming Generated Instances : Time (s): cpu = 00:00:36 ; elapsed = 00:00:36 . Memory (MB): peak = 1492.191 ; gain = 561.711 ; free physical = 8156 ; free virtual = 11694
Finished Rebuilding User Hierarchy : Time (s): cpu = 00:00:36 ; elapsed = 00:00:36 . Memory (MB): peak = 1492.191 ; gain = 561.711 ; free physical = 8156 ; free virtual = 11694
Finished Renaming Generated Ports : Time (s): cpu = 00:00:36 ; elapsed = 00:00:36 . Memory (MB): peak = 1492.191 ; gain = 561.711 ; free physical = 8156 ; free virtual = 11694
Finished Handling Custom Attributes : Time (s): cpu = 00:00:36 ; elapsed = 00:00:36 . Memory (MB): peak = 1492.191 ; gain = 561.711 ; free physical = 8156 ; free virtual = 11694
Finished Renaming Generated Nets : Time (s): cpu = 00:00:36 ; elapsed = 00:00:36 . Memory (MB): peak = 1492.191 ; gain = 561.711 ; free physical = 8156 ; free virtual = 11694

Report Cell Usage: 
+------+---------+------+
|      |Cell     |Count |
+------+---------+------+
|1     |CARRY4   |   144|
|2     |LUT1     |    12|
|3     |LUT2     |   562|
|4     |LUT3     |    46|
|5     |LUT4     |   496|
|6     |MULT_AND |   527|
|7     |MUXCY    |   528|
|8     |XORCY    |   544|
|9     |FDRE     |    64|
+------+---------+------+
Finished Writing Synthesis Report : Time (s): cpu = 00:00:36 ; elapsed = 00:00:36 . Memory (MB): peak = 1492.191 ; gain = 561.711 ; free physical = 8156 ; free virtual = 11694
synth_design: Time (s): cpu = 00:00:35 ; elapsed = 00:00:35 . Memory (MB): peak = 1492.191 ; gain = 494.207 ; free physical = 8146 ; free virtual = 11683
